#
# A fatal error has been detected by the Java Runtime Environment:
#
#  Internal Error (safepoint.cpp:919), pid=11629, tid=38407
#  fatal error: Illegal threadstate encountered: 4
#
# JRE version: OpenJDK Runtime Environment (11.0.13+8) (build 11.0.13+8-LTS)
# Java VM: OpenJDK 64-Bit Server VM (11.0.13+8-LTS, mixed mode, tiered, compressed oops, g1 gc, bsd-aarch64)
# No core dump will be written. Core dumps have been disabled. To enable core dumping, try "ulimit -c unlimited" before starting Java again
#
# If you would like to submit a bug report, please visit:
#   https://bell-sw.com/support
# The crash happened outside the Java Virtual Machine in native code.
# See problematic frame for where to report the bug.
#

---------------  S U M M A R Y ------------

Command Line: --module-path=/Users/maximilianrupprecht/JavaFX/javafx-sdk-11.0.1/lib --add-modules=javafx.controls,javafx.fxml -javaagent:/Applications/IntelliJ IDEA.app/Contents/lib/idea_rt.jar=64695:/Applications/IntelliJ IDEA.app/Contents/bin -Dfile.encoding=UTF-8 main.main.main.ETankApplication

Host: MacBookPro18,1 arm64 1 MHz, 10 cores, 16G, Darwin 21.1.0
Time: Wed Nov 10 19:47:47 2021 CET elapsed time: 27.924273 seconds (0d 0h 0m 27s)

---------------  T H R E A D  ---------------

Current thread (0x000000013d0b4000):  JavaThread "InvokeLaterDispatcher" daemon [_thread_in_native, id=38407, stack(0x0000000171a28000,0x0000000171c2b000)]

Stack: [0x0000000171a28000,0x0000000171c2b000],  sp=0x0000000171c2a0a0,  free space=2056k
Native frames: (J=compiled Java code, A=aot compiled Java code, j=interpreted, Vv=VM code, C=native code)
V  [libjvm.dylib+0x6c358c]  _ZN7VMError14report_and_dieEiPKcS1_PcP6ThreadPhPvS6_S1_im+0x5f8
V  [libjvm.dylib+0x2022fc]  _Z12report_fatal11VMErrorTypePKciS1_z+0x70
V  [libjvm.dylib+0x5f2ad4]  _ZN20SafepointSynchronize5blockEP10JavaThread+0x220
V  [libjvm.dylib+0x5f4f08]  _ZN18SafepointMechanism23block_if_requested_slowEP10JavaThread+0x28
V  [libjvm.dylib+0x67c778]  _ZN10JavaThread44check_safepoint_and_suspend_for_native_transEPS_+0xa8
V  [libjvm.dylib+0x37099c]  jni_DeleteGlobalRef+0xc0
C  [libglass.dylib+0xb180]  -[GlassRunnable dealloc]+0x34
C  [Foundation+0x85e0c]  -[_NSThreadPerformInfo dealloc]+0x30
C  [Foundation+0x525e8]  -[NSObject(NSThreadPerformAdditions) performSelectorOnMainThread:withObject:waitUntilDone:]+0x88
J 3699  com.sun.glass.ui.mac.MacApplication._submitForLaterInvocation(Ljava/lang/Runnable;)V javafx.graphics@11.0.13 (0 bytes) @ 0x0000000113d9604c [0x0000000113d95fc0+0x000000000000008c]
C  0x0000000139cb4168

Java frames: (J=compiled Java code, j=interpreted, Vv=VM code)
J 3699  com.sun.glass.ui.mac.MacApplication._submitForLaterInvocation(Ljava/lang/Runnable;)V javafx.graphics@11.0.13 (0 bytes) @ 0x0000000113d96050 [0x0000000113d95fc0+0x0000000000000090]
J 3698 c1 com.sun.glass.ui.mac.MacApplication.submitForLaterInvocation(Ljava/lang/Runnable;)V javafx.graphics@11.0.13 (6 bytes) @ 0x000000010ce41058 [0x000000010ce40fc0+0x0000000000000098]
j  com.sun.glass.ui.InvokeLaterDispatcher.run()V+82 javafx.graphics@11.0.13
v  ~StubRoutines::call_stub

---------------  P R O C E S S  ---------------

Threads class SMR info:
_java_thread_list=0x0000600002f64500, length=18, elements={
0x000000013d008800, 0x000000014d90e800, 0x000000013d055000, 0x0000000127017800,
0x000000014d911000, 0x000000014d912000, 0x000000014d915000, 0x000000014d916000,
0x000000013a034800, 0x000000014d808800, 0x000000014da01000, 0x000000013d0b4000,
0x000000013a0f1800, 0x000000013d0ce800, 0x000000014d1d7000, 0x000000014f0d7000,
0x000000014d00d800, 0x000000013a1ec000
}

Java Threads: ( => current thread )
  0x000000013d008800 JavaThread "main" [_thread_blocked, id=10243, stack(0x000000016f438000,0x000000016f63b000)]
  0x000000014d90e800 JavaThread "Reference Handler" daemon [_thread_blocked, id=14339, stack(0x000000017028c000,0x000000017048f000)]
  0x000000013d055000 JavaThread "Finalizer" daemon [_thread_blocked, id=14851, stack(0x0000000170498000,0x000000017069b000)]
  0x0000000127017800 JavaThread "Signal Dispatcher" daemon [_thread_blocked, id=17155, stack(0x00000001707bc000,0x00000001709bf000)]
  0x000000014d911000 JavaThread "Service Thread" daemon [_thread_blocked, id=22019, stack(0x00000001709c8000,0x0000000170bcb000)]
  0x000000014d912000 JavaThread "C2 CompilerThread0" daemon [_thread_blocked, id=43011, stack(0x0000000170bd4000,0x0000000170dd7000)]
  0x000000014d915000 JavaThread "C1 CompilerThread0" daemon [_thread_blocked, id=23043, stack(0x0000000170de0000,0x0000000170fe3000)]
  0x000000014d916000 JavaThread "Sweeper thread" daemon [_thread_blocked, id=42755, stack(0x0000000170fec000,0x00000001711ef000)]
  0x000000013a034800 JavaThread "Common-Cleaner" daemon [_thread_blocked, id=42499, stack(0x00000001711f8000,0x00000001713fb000)]
  0x000000014d808800 JavaThread "Monitor Ctrl-Break" daemon [_thread_in_native, id=42243, stack(0x0000000171404000,0x0000000171607000)]
  0x000000014da01000 JavaThread "QuantumRenderer-0" daemon [_thread_blocked, id=41219, stack(0x000000017181c000,0x0000000171a1f000)]
=>0x000000013d0b4000 JavaThread "InvokeLaterDispatcher" daemon [_thread_in_native, id=38407, stack(0x0000000171a28000,0x0000000171c2b000)]
  0x000000013a0f1800 JavaThread "JavaFX Application Thread" [_thread_in_native_trans, id=259, stack(0x000000016d3ac000,0x000000016f3ac000)]
  0x000000013d0ce800 JavaThread "Thread-3" daemon [_thread_in_native, id=50443, stack(0x0000000171c34000,0x0000000171cb7000)]
  0x000000014d1d7000 JavaThread "JavaFX-Launcher" [_thread_blocked, id=74499, stack(0x0000000171ecc000,0x00000001720cf000)]
  0x000000014f0d7000 JavaThread "Attach Listener" daemon [_thread_blocked, id=55043, stack(0x0000000172b14000,0x0000000172d17000)]
  0x000000014d00d800 JavaThread "Prism Font Disposer" daemon [_thread_blocked, id=69151, stack(0x0000000177920000,0x0000000177b23000)]
  0x000000013a1ec000 JavaThread "Cleaner-0" daemon [_thread_blocked, id=65795, stack(0x0000000296254000,0x0000000296457000)]

Other Threads:
  0x000000014d907000 VMThread "VM Thread" [stack: 0x0000000170080000,0x0000000170283000] [id=13827]
  0x000000014da00000 WatcherThread [stack: 0x0000000171610000,0x0000000171813000] [id=41987]
  0x000000013d017800 GCTaskThread "GC Thread#0" [stack: 0x000000016f644000,0x000000016f847000] [id=20739]
  0x000000013a13a000 GCTaskThread "GC Thread#1" [stack: 0x00000001720d8000,0x00000001722db000] [id=73987]
  0x000000013a112000 GCTaskThread "GC Thread#2" [stack: 0x00000001722e4000,0x00000001724e7000] [id=53507]
  0x000000013a162000 GCTaskThread "GC Thread#3" [stack: 0x00000001724f0000,0x00000001726f3000] [id=73219]
  0x000000013a163000 GCTaskThread "GC Thread#4" [stack: 0x00000001726fc000,0x00000001728ff000] [id=72963]
  0x000000013d0e6800 GCTaskThread "GC Thread#5" [stack: 0x0000000172908000,0x0000000172b0b000] [id=54019]
  0x000000013d04f800 ConcurrentGCThread "G1 Main Marker" [stack: 0x000000016f850000,0x000000016fa53000] [id=20483]
  0x000000013d050800 ConcurrentGCThread "G1 Conc#0" [stack: 0x000000016fa5c000,0x000000016fc5f000] [id=20227]
  0x000000014f0d5800 ConcurrentGCThread "G1 Conc#1" [stack: 0x0000000172f2c000,0x000000017312f000] [id=71939]
  0x000000014d8ad800 ConcurrentGCThread "G1 Refine#0" [stack: 0x000000016fc68000,0x000000016fe6b000] [id=12547]
  0x0000000127265800 ConcurrentGCThread "G1 Refine#1" [stack: 0x0000000172d20000,0x0000000172f23000] [id=55299]
  0x000000014d8ae800 ConcurrentGCThread "G1 Young RemSet Sampling" [stack: 0x000000016fe74000,0x0000000170077000] [id=19459]

Threads with active compile tasks:

VM state:not at safepoint (normal execution)

VM Mutex/Monitor currently owned by a thread: None

Heap address: 0x00000006c0000000, size: 4096 MB, Compressed Oops mode: Zero based, Oop shift amount: 3
Narrow klass base: 0x0000000800000000, Narrow klass shift: 0
Compressed class space size: 1073741824 Address: 0x0000000800000000

Heap:
 garbage-first heap   total 287744K, used 155341K [0x00000006c0000000, 0x00000007c0000000)
  region size 1024K, 12 young (12288K), 6 survivors (6144K)
 Metaspace       used 25919K, capacity 26775K, committed 26880K, reserved 1073152K
  class space    used 2987K, capacity 3323K, committed 3328K, reserved 1048576K
Heap Regions: E=young(eden), S=young(survivor), O=old, HS=humongous(starts), HC=humongous(continues), CS=collection set, F=free, A=archive, TAMS=top-at-mark-start (previous, next)
|   0|0x00000006c0000000, 0x00000006c0100000, 0x00000006c0100000|100%| O|  |TAMS 0x00000006c0100000, 0x00000006c0000000| Untracked 
|   1|0x00000006c0100000, 0x00000006c0200000, 0x00000006c0200000|100%| O|  |TAMS 0x00000006c0200000, 0x00000006c0100000| Untracked 
|   2|0x00000006c0200000, 0x00000006c0300000, 0x00000006c0300000|100%| O|  |TAMS 0x00000006c0300000, 0x00000006c0200000| Untracked 
|   3|0x00000006c0300000, 0x00000006c0400000, 0x00000006c0400000|100%| O|  |TAMS 0x00000006c0400000, 0x00000006c0300000| Untracked 
|   4|0x00000006c0400000, 0x00000006c0500000, 0x00000006c0500000|100%| O|  |TAMS 0x00000006c0500000, 0x00000006c0400000| Untracked 
|   5|0x00000006c0500000, 0x00000006c0600000, 0x00000006c0600000|100%| O|  |TAMS 0x00000006c0600000, 0x00000006c0500000| Untracked 
|   6|0x00000006c0600000, 0x00000006c0700000, 0x00000006c0700000|100%| O|  |TAMS 0x00000006c0700000, 0x00000006c0600000| Untracked 
|   7|0x00000006c0700000, 0x00000006c0800000, 0x00000006c0800000|100%| O|  |TAMS 0x00000006c0800000, 0x00000006c0700000| Untracked 
|   8|0x00000006c0800000, 0x00000006c0900000, 0x00000006c0900000|100%| O|  |TAMS 0x00000006c0900000, 0x00000006c0800000| Untracked 
|   9|0x00000006c0900000, 0x00000006c0a00000, 0x00000006c0a00000|100%| O|  |TAMS 0x00000006c0a00000, 0x00000006c0900000| Untracked 
|  10|0x00000006c0a00000, 0x00000006c0b00000, 0x00000006c0b00000|100%| O|  |TAMS 0x00000006c0b00000, 0x00000006c0a00000| Untracked 
|  11|0x00000006c0b00000, 0x00000006c0c00000, 0x00000006c0c00000|100%| O|  |TAMS 0x00000006c0c00000, 0x00000006c0b00000| Untracked 
|  12|0x00000006c0c00000, 0x00000006c0d00000, 0x00000006c0d00000|100%| O|  |TAMS 0x00000006c0d00000, 0x00000006c0c00000| Untracked 
|  13|0x00000006c0d00000, 0x00000006c0e00000, 0x00000006c0e00000|100%| O|  |TAMS 0x00000006c0e00000, 0x00000006c0d00000| Untracked 
|  14|0x00000006c0e00000, 0x00000006c0f00000, 0x00000006c0f00000|100%| O|  |TAMS 0x00000006c0f00000, 0x00000006c0e00000| Untracked 
|  15|0x00000006c0f00000, 0x00000006c1000000, 0x00000006c1000000|100%| O|  |TAMS 0x00000006c1000000, 0x00000006c0f00000| Untracked 
|  16|0x00000006c1000000, 0x00000006c1100000, 0x00000006c1100000|100%| O|  |TAMS 0x00000006c1100000, 0x00000006c1000000| Untracked 
|  17|0x00000006c1100000, 0x00000006c1200000, 0x00000006c1200000|100%| O|  |TAMS 0x00000006c1200000, 0x00000006c1100000| Untracked 
|  18|0x00000006c1200000, 0x00000006c1300000, 0x00000006c1300000|100%| O|  |TAMS 0x00000006c1300000, 0x00000006c1200000| Untracked 
|  19|0x00000006c1300000, 0x00000006c1400000, 0x00000006c1400000|100%| O|  |TAMS 0x00000006c1400000, 0x00000006c1300000| Untracked 
|  20|0x00000006c1400000, 0x00000006c1500000, 0x00000006c1500000|100%| O|  |TAMS 0x00000006c1500000, 0x00000006c1400000| Untracked 
|  21|0x00000006c1500000, 0x00000006c1600000, 0x00000006c1600000|100%| O|  |TAMS 0x00000006c1600000, 0x00000006c1500000| Untracked 
|  22|0x00000006c1600000, 0x00000006c1700000, 0x00000006c1700000|100%| O|  |TAMS 0x00000006c1700000, 0x00000006c1600000| Untracked 
|  23|0x00000006c1700000, 0x00000006c1800000, 0x00000006c1800000|100%| O|  |TAMS 0x00000006c1800000, 0x00000006c1700000| Untracked 
|  24|0x00000006c1800000, 0x00000006c1900000, 0x00000006c1900000|100%| O|  |TAMS 0x00000006c1900000, 0x00000006c1800000| Untracked 
|  25|0x00000006c1900000, 0x00000006c1a00000, 0x00000006c1a00000|100%| O|  |TAMS 0x00000006c1a00000, 0x00000006c1900000| Untracked 
|  26|0x00000006c1a00000, 0x00000006c1b00000, 0x00000006c1b00000|100%| O|  |TAMS 0x00000006c1b00000, 0x00000006c1a00000| Untracked 
|  27|0x00000006c1b00000, 0x00000006c1c00000, 0x00000006c1c00000|100%| O|  |TAMS 0x00000006c1c00000, 0x00000006c1b00000| Untracked 
|  28|0x00000006c1c00000, 0x00000006c1d00000, 0x00000006c1d00000|100%| O|  |TAMS 0x00000006c1d00000, 0x00000006c1c00000| Untracked 
|  29|0x00000006c1d00000, 0x00000006c1e00000, 0x00000006c1e00000|100%| O|  |TAMS 0x00000006c1e00000, 0x00000006c1d00000| Untracked 
|  30|0x00000006c1e00000, 0x00000006c1f00000, 0x00000006c1f00000|100%| O|  |TAMS 0x00000006c1f00000, 0x00000006c1e00000| Untracked 
|  31|0x00000006c1f00000, 0x00000006c2000000, 0x00000006c2000000|100%| O|  |TAMS 0x00000006c2000000, 0x00000006c1f00000| Untracked 
|  32|0x00000006c2000000, 0x00000006c2100000, 0x00000006c2100000|100%| O|  |TAMS 0x00000006c2100000, 0x00000006c2000000| Untracked 
|  33|0x00000006c2100000, 0x00000006c2200000, 0x00000006c2200000|100%| O|  |TAMS 0x00000006c2200000, 0x00000006c2100000| Untracked 
|  34|0x00000006c2200000, 0x00000006c2300000, 0x00000006c2300000|100%| O|  |TAMS 0x00000006c2300000, 0x00000006c2200000| Untracked 
|  35|0x00000006c2300000, 0x00000006c2400000, 0x00000006c2400000|100%| O|  |TAMS 0x00000006c2400000, 0x00000006c2300000| Untracked 
|  36|0x00000006c2400000, 0x00000006c2500000, 0x00000006c2500000|100%| O|  |TAMS 0x00000006c2500000, 0x00000006c2400000| Untracked 
|  37|0x00000006c2500000, 0x00000006c2600000, 0x00000006c2600000|100%| O|  |TAMS 0x00000006c2600000, 0x00000006c2500000| Untracked 
|  38|0x00000006c2600000, 0x00000006c2700000, 0x00000006c2700000|100%| O|  |TAMS 0x00000006c2700000, 0x00000006c2600000| Untracked 
|  39|0x00000006c2700000, 0x00000006c2800000, 0x00000006c2800000|100%| O|  |TAMS 0x00000006c2800000, 0x00000006c2700000| Untracked 
|  40|0x00000006c2800000, 0x00000006c2900000, 0x00000006c2900000|100%| O|  |TAMS 0x00000006c2900000, 0x00000006c2800000| Untracked 
|  41|0x00000006c2900000, 0x00000006c2a00000, 0x00000006c2a00000|100%| O|  |TAMS 0x00000006c2a00000, 0x00000006c2900000| Untracked 
|  42|0x00000006c2a00000, 0x00000006c2b00000, 0x00000006c2b00000|100%| O|  |TAMS 0x00000006c2b00000, 0x00000006c2a00000| Untracked 
|  43|0x00000006c2b00000, 0x00000006c2c00000, 0x00000006c2c00000|100%| O|  |TAMS 0x00000006c2c00000, 0x00000006c2b00000| Untracked 
|  44|0x00000006c2c00000, 0x00000006c2d00000, 0x00000006c2d00000|100%| O|  |TAMS 0x00000006c2d00000, 0x00000006c2c00000| Untracked 
|  45|0x00000006c2d00000, 0x00000006c2e00000, 0x00000006c2e00000|100%| O|  |TAMS 0x00000006c2e00000, 0x00000006c2d00000| Untracked 
|  46|0x00000006c2e00000, 0x00000006c2f00000, 0x00000006c2f00000|100%| O|  |TAMS 0x00000006c2f00000, 0x00000006c2e00000| Untracked 
|  47|0x00000006c2f00000, 0x00000006c3000000, 0x00000006c3000000|100%| O|  |TAMS 0x00000006c3000000, 0x00000006c2f00000| Untracked 
|  48|0x00000006c3000000, 0x00000006c3100000, 0x00000006c3100000|100%| O|  |TAMS 0x00000006c3100000, 0x00000006c3000000| Untracked 
|  49|0x00000006c3100000, 0x00000006c3200000, 0x00000006c3200000|100%| O|  |TAMS 0x00000006c3200000, 0x00000006c3100000| Untracked 
|  50|0x00000006c3200000, 0x00000006c3300000, 0x00000006c3300000|100%| O|  |TAMS 0x00000006c3300000, 0x00000006c3200000| Untracked 
|  51|0x00000006c3300000, 0x00000006c3400000, 0x00000006c3400000|100%| O|  |TAMS 0x00000006c3400000, 0x00000006c3300000| Untracked 
|  52|0x00000006c3400000, 0x00000006c3500000, 0x00000006c3500000|100%| O|  |TAMS 0x00000006c3500000, 0x00000006c3400000| Untracked 
|  53|0x00000006c3500000, 0x00000006c3600000, 0x00000006c3600000|100%| O|  |TAMS 0x00000006c3600000, 0x00000006c3500000| Untracked 
|  54|0x00000006c3600000, 0x00000006c3700000, 0x00000006c3700000|100%| O|  |TAMS 0x00000006c3700000, 0x00000006c3600000| Untracked 
|  55|0x00000006c3700000, 0x00000006c3800000, 0x00000006c3800000|100%| O|  |TAMS 0x00000006c3800000, 0x00000006c3700000| Untracked 
|  56|0x00000006c3800000, 0x00000006c3900000, 0x00000006c3900000|100%| O|  |TAMS 0x00000006c3900000, 0x00000006c3800000| Untracked 
|  57|0x00000006c3900000, 0x00000006c3a00000, 0x00000006c3a00000|100%| O|  |TAMS 0x00000006c3a00000, 0x00000006c3900000| Untracked 
|  58|0x00000006c3a00000, 0x00000006c3b00000, 0x00000006c3b00000|100%| O|  |TAMS 0x00000006c3b00000, 0x00000006c3a00000| Untracked 
|  59|0x00000006c3b00000, 0x00000006c3c00000, 0x00000006c3c00000|100%| O|  |TAMS 0x00000006c3c00000, 0x00000006c3b00000| Untracked 
|  60|0x00000006c3c00000, 0x00000006c3d00000, 0x00000006c3d00000|100%| O|  |TAMS 0x00000006c3d00000, 0x00000006c3c00000| Untracked 
|  61|0x00000006c3d00000, 0x00000006c3e00000, 0x00000006c3e00000|100%| O|  |TAMS 0x00000006c3e00000, 0x00000006c3d00000| Untracked 
|  62|0x00000006c3e00000, 0x00000006c3f00000, 0x00000006c3f00000|100%| O|  |TAMS 0x00000006c3f00000, 0x00000006c3e00000| Untracked 
|  63|0x00000006c3f00000, 0x00000006c4000000, 0x00000006c4000000|100%| O|  |TAMS 0x00000006c4000000, 0x00000006c3f00000| Untracked 
|  64|0x00000006c4000000, 0x00000006c4100000, 0x00000006c4100000|100%| O|  |TAMS 0x00000006c4100000, 0x00000006c4000000| Untracked 
|  65|0x00000006c4100000, 0x00000006c4200000, 0x00000006c4200000|100%| O|  |TAMS 0x00000006c4200000, 0x00000006c4100000| Untracked 
|  66|0x00000006c4200000, 0x00000006c4300000, 0x00000006c4300000|100%| O|  |TAMS 0x00000006c4300000, 0x00000006c4200000| Untracked 
|  67|0x00000006c4300000, 0x00000006c4400000, 0x00000006c4400000|100%| O|  |TAMS 0x00000006c4400000, 0x00000006c4300000| Untracked 
|  68|0x00000006c4400000, 0x00000006c4500000, 0x00000006c4500000|100%| O|  |TAMS 0x00000006c4500000, 0x00000006c4400000| Untracked 
|  69|0x00000006c4500000, 0x00000006c4600000, 0x00000006c4600000|100%| O|  |TAMS 0x00000006c4600000, 0x00000006c4500000| Untracked 
|  70|0x00000006c4600000, 0x00000006c4700000, 0x00000006c4700000|100%| O|  |TAMS 0x00000006c4700000, 0x00000006c4600000| Untracked 
|  71|0x00000006c4700000, 0x00000006c4800000, 0x00000006c4800000|100%| O|  |TAMS 0x00000006c4800000, 0x00000006c4700000| Untracked 
|  72|0x00000006c4800000, 0x00000006c4900000, 0x00000006c4900000|100%| O|  |TAMS 0x00000006c4900000, 0x00000006c4800000| Untracked 
|  73|0x00000006c4900000, 0x00000006c4a00000, 0x00000006c4a00000|100%| O|  |TAMS 0x00000006c4a00000, 0x00000006c4900000| Untracked 
|  74|0x00000006c4a00000, 0x00000006c4b00000, 0x00000006c4b00000|100%| O|  |TAMS 0x00000006c4b00000, 0x00000006c4a00000| Untracked 
|  75|0x00000006c4b00000, 0x00000006c4c00000, 0x00000006c4c00000|100%| O|  |TAMS 0x00000006c4c00000, 0x00000006c4b00000| Untracked 
|  76|0x00000006c4c00000, 0x00000006c4d00000, 0x00000006c4d00000|100%| O|  |TAMS 0x00000006c4d00000, 0x00000006c4c00000| Untracked 
|  77|0x00000006c4d00000, 0x00000006c4e00000, 0x00000006c4e00000|100%| O|  |TAMS 0x00000006c4e00000, 0x00000006c4d00000| Untracked 
|  78|0x00000006c4e00000, 0x00000006c4f00000, 0x00000006c4f00000|100%| O|  |TAMS 0x00000006c4f00000, 0x00000006c4e00000| Untracked 
|  79|0x00000006c4f00000, 0x00000006c5000000, 0x00000006c5000000|100%| O|  |TAMS 0x00000006c5000000, 0x00000006c4f00000| Untracked 
|  80|0x00000006c5000000, 0x00000006c5100000, 0x00000006c5100000|100%| O|  |TAMS 0x00000006c5100000, 0x00000006c5000000| Untracked 
|  81|0x00000006c5100000, 0x00000006c5200000, 0x00000006c5200000|100%| O|  |TAMS 0x00000006c5200000, 0x00000006c5100000| Untracked 
|  82|0x00000006c5200000, 0x00000006c5300000, 0x00000006c5300000|100%| O|  |TAMS 0x00000006c5300000, 0x00000006c5200000| Untracked 
|  83|0x00000006c5300000, 0x00000006c5400000, 0x00000006c5400000|100%| O|  |TAMS 0x00000006c5400000, 0x00000006c5300000| Untracked 
|  84|0x00000006c5400000, 0x00000006c5500000, 0x00000006c5500000|100%| O|  |TAMS 0x00000006c5500000, 0x00000006c5400000| Untracked 
|  85|0x00000006c5500000, 0x00000006c5600000, 0x00000006c5600000|100%| O|  |TAMS 0x00000006c5600000, 0x00000006c5500000| Untracked 
|  86|0x00000006c5600000, 0x00000006c5700000, 0x00000006c5700000|100%|HS|  |TAMS 0x00000006c5700000, 0x00000006c5600000| Complete 
|  87|0x00000006c5700000, 0x00000006c5800000, 0x00000006c5800000|100%|HC|  |TAMS 0x00000006c5800000, 0x00000006c5700000| Complete 
|  88|0x00000006c5800000, 0x00000006c5900000, 0x00000006c5900000|100%|HC|  |TAMS 0x00000006c5900000, 0x00000006c5800000| Complete 
|  89|0x00000006c5900000, 0x00000006c5a00000, 0x00000006c5a00000|100%|HC|  |TAMS 0x00000006c5a00000, 0x00000006c5900000| Complete 
|  90|0x00000006c5a00000, 0x00000006c5ab3600, 0x00000006c5b00000| 70%| O|  |TAMS 0x00000006c5ab3600, 0x00000006c5a00000| Untracked 
|  91|0x00000006c5b00000, 0x00000006c5c00000, 0x00000006c5c00000|100%|HS|  |TAMS 0x00000006c5b00000, 0x00000006c5b00000| Complete 
|  92|0x00000006c5c00000, 0x00000006c5d00000, 0x00000006c5d00000|100%|HC|  |TAMS 0x00000006c5c00000, 0x00000006c5c00000| Complete 
|  93|0x00000006c5d00000, 0x00000006c5d00000, 0x00000006c5e00000|  0%| F|  |TAMS 0x00000006c5d00000, 0x00000006c5d00000| Untracked 
|  94|0x00000006c5e00000, 0x00000006c5e00000, 0x00000006c5f00000|  0%| F|  |TAMS 0x00000006c5e00000, 0x00000006c5e00000| Untracked 
|  95|0x00000006c5f00000, 0x00000006c5f00000, 0x00000006c6000000|  0%| F|  |TAMS 0x00000006c5f00000, 0x00000006c5f00000| Untracked 
|  96|0x00000006c6000000, 0x00000006c6000000, 0x00000006c6100000|  0%| F|  |TAMS 0x00000006c6000000, 0x00000006c6000000| Untracked 
|  97|0x00000006c6100000, 0x00000006c6100000, 0x00000006c6200000|  0%| F|  |TAMS 0x00000006c6100000, 0x00000006c6100000| Untracked 
|  98|0x00000006c6200000, 0x00000006c6200000, 0x00000006c6300000|  0%| F|  |TAMS 0x00000006c6200000, 0x00000006c6200000| Untracked 
|  99|0x00000006c6300000, 0x00000006c6300000, 0x00000006c6400000|  0%| F|  |TAMS 0x00000006c6300000, 0x00000006c6300000| Untracked 
| 100|0x00000006c6400000, 0x00000006c6400000, 0x00000006c6500000|  0%| F|  |TAMS 0x00000006c6400000, 0x00000006c6400000| Untracked 
| 101|0x00000006c6500000, 0x00000006c6500000, 0x00000006c6600000|  0%| F|  |TAMS 0x00000006c6500000, 0x00000006c6500000| Untracked 
| 102|0x00000006c6600000, 0x00000006c6600000, 0x00000006c6700000|  0%| F|  |TAMS 0x00000006c6600000, 0x00000006c6600000| Untracked 
| 103|0x00000006c6700000, 0x00000006c6800000, 0x00000006c6800000|100%| O|  |TAMS 0x00000006c6800000, 0x00000006c6700000| Untracked 
| 104|0x00000006c6800000, 0x00000006c6900000, 0x00000006c6900000|100%| O|  |TAMS 0x00000006c6900000, 0x00000006c6800000| Untracked 
| 105|0x00000006c6900000, 0x00000006c6a00000, 0x00000006c6a00000|100%| O|  |TAMS 0x00000006c6a00000, 0x00000006c6900000| Untracked 
| 106|0x00000006c6a00000, 0x00000006c6b00000, 0x00000006c6b00000|100%| O|  |TAMS 0x00000006c6b00000, 0x00000006c6a00000| Untracked 
| 107|0x00000006c6b00000, 0x00000006c6c00000, 0x00000006c6c00000|100%| O|  |TAMS 0x00000006c6c00000, 0x00000006c6b00000| Untracked 
| 108|0x00000006c6c00000, 0x00000006c6d00000, 0x00000006c6d00000|100%| O|  |TAMS 0x00000006c6d00000, 0x00000006c6c00000| Untracked 
| 109|0x00000006c6d00000, 0x00000006c6e00000, 0x00000006c6e00000|100%| O|  |TAMS 0x00000006c6e00000, 0x00000006c6d00000| Untracked 
| 110|0x00000006c6e00000, 0x00000006c6f00000, 0x00000006c6f00000|100%| O|  |TAMS 0x00000006c6f00000, 0x00000006c6e00000| Untracked 
| 111|0x00000006c6f00000, 0x00000006c7000000, 0x00000006c7000000|100%| O|  |TAMS 0x00000006c7000000, 0x00000006c6f00000| Untracked 
| 112|0x00000006c7000000, 0x00000006c7100000, 0x00000006c7100000|100%| O|  |TAMS 0x00000006c7100000, 0x00000006c7000000| Untracked 
| 113|0x00000006c7100000, 0x00000006c7200000, 0x00000006c7200000|100%| O|  |TAMS 0x00000006c7200000, 0x00000006c7100000| Untracked 
| 114|0x00000006c7200000, 0x00000006c7300000, 0x00000006c7300000|100%| O|  |TAMS 0x00000006c7300000, 0x00000006c7200000| Untracked 
| 115|0x00000006c7300000, 0x00000006c7400000, 0x00000006c7400000|100%| O|  |TAMS 0x00000006c7400000, 0x00000006c7300000| Untracked 
| 116|0x00000006c7400000, 0x00000006c7500000, 0x00000006c7500000|100%| O|  |TAMS 0x00000006c7500000, 0x00000006c7400000| Untracked 
| 117|0x00000006c7500000, 0x00000006c7600000, 0x00000006c7600000|100%| O|  |TAMS 0x00000006c7600000, 0x00000006c7500000| Untracked 
| 118|0x00000006c7600000, 0x00000006c7700000, 0x00000006c7700000|100%| O|  |TAMS 0x00000006c7700000, 0x00000006c7600000| Untracked 
| 119|0x00000006c7700000, 0x00000006c7800000, 0x00000006c7800000|100%| O|  |TAMS 0x00000006c7800000, 0x00000006c7700000| Untracked 
| 120|0x00000006c7800000, 0x00000006c7900000, 0x00000006c7900000|100%| O|  |TAMS 0x00000006c7900000, 0x00000006c7800000| Untracked 
| 121|0x00000006c7900000, 0x00000006c7a00000, 0x00000006c7a00000|100%| O|  |TAMS 0x00000006c7a00000, 0x00000006c7900000| Untracked 
| 122|0x00000006c7a00000, 0x00000006c7b00000, 0x00000006c7b00000|100%| O|  |TAMS 0x00000006c7b00000, 0x00000006c7a00000| Untracked 
| 123|0x00000006c7b00000, 0x00000006c7c00000, 0x00000006c7c00000|100%| O|  |TAMS 0x00000006c7c00000, 0x00000006c7b00000| Untracked 
| 124|0x00000006c7c00000, 0x00000006c7d00000, 0x00000006c7d00000|100%| O|  |TAMS 0x00000006c7d00000, 0x00000006c7c00000| Untracked 
| 125|0x00000006c7d00000, 0x00000006c7e00000, 0x00000006c7e00000|100%| O|  |TAMS 0x00000006c7e00000, 0x00000006c7d00000| Untracked 
| 126|0x00000006c7e00000, 0x00000006c7e00000, 0x00000006c7f00000|  0%| F|  |TAMS 0x00000006c7e00000, 0x00000006c7e00000| Untracked 
| 127|0x00000006c7f00000, 0x00000006c7f00000, 0x00000006c8000000|  0%| F|  |TAMS 0x00000006c7f00000, 0x00000006c7f00000| Untracked 
| 128|0x00000006c8000000, 0x00000006c8000000, 0x00000006c8100000|  0%| F|  |TAMS 0x00000006c8000000, 0x00000006c8000000| Untracked 
| 129|0x00000006c8100000, 0x00000006c8100000, 0x00000006c8200000|  0%| F|  |TAMS 0x00000006c8100000, 0x00000006c8100000| Untracked 
| 130|0x00000006c8200000, 0x00000006c8200000, 0x00000006c8300000|  0%| F|  |TAMS 0x00000006c8200000, 0x00000006c8200000| Untracked 
| 131|0x00000006c8300000, 0x00000006c8300000, 0x00000006c8400000|  0%| F|  |TAMS 0x00000006c8300000, 0x00000006c8300000| Untracked 
| 132|0x00000006c8400000, 0x00000006c8400000, 0x00000006c8500000|  0%| F|  |TAMS 0x00000006c8400000, 0x00000006c8400000| Untracked 
| 133|0x00000006c8500000, 0x00000006c8500000, 0x00000006c8600000|  0%| F|  |TAMS 0x00000006c8500000, 0x00000006c8500000| Untracked 
| 134|0x00000006c8600000, 0x00000006c8600000, 0x00000006c8700000|  0%| F|  |TAMS 0x00000006c8600000, 0x00000006c8600000| Untracked 
| 135|0x00000006c8700000, 0x00000006c8700000, 0x00000006c8800000|  0%| F|  |TAMS 0x00000006c8700000, 0x00000006c8700000| Untracked 
| 136|0x00000006c8800000, 0x00000006c8800000, 0x00000006c8900000|  0%| F|  |TAMS 0x00000006c8800000, 0x00000006c8800000| Untracked 
| 137|0x00000006c8900000, 0x00000006c8900000, 0x00000006c8a00000|  0%| F|  |TAMS 0x00000006c8900000, 0x00000006c8900000| Untracked 
| 138|0x00000006c8a00000, 0x00000006c8a00000, 0x00000006c8b00000|  0%| F|  |TAMS 0x00000006c8a00000, 0x00000006c8a00000| Untracked 
| 139|0x00000006c8b00000, 0x00000006c8b00000, 0x00000006c8c00000|  0%| F|  |TAMS 0x00000006c8b00000, 0x00000006c8b00000| Untracked 
| 140|0x00000006c8c00000, 0x00000006c8c00000, 0x00000006c8d00000|  0%| F|  |TAMS 0x00000006c8c00000, 0x00000006c8c00000| Untracked 
| 141|0x00000006c8d00000, 0x00000006c8d00000, 0x00000006c8e00000|  0%| F|  |TAMS 0x00000006c8d00000, 0x00000006c8d00000| Untracked 
| 142|0x00000006c8e00000, 0x00000006c8e00000, 0x00000006c8f00000|  0%| F|  |TAMS 0x00000006c8e00000, 0x00000006c8e00000| Untracked 
| 143|0x00000006c8f00000, 0x00000006c8f00000, 0x00000006c9000000|  0%| F|  |TAMS 0x00000006c8f00000, 0x00000006c8f00000| Untracked 
| 144|0x00000006c9000000, 0x00000006c9000000, 0x00000006c9100000|  0%| F|  |TAMS 0x00000006c9000000, 0x00000006c9000000| Untracked 
| 145|0x00000006c9100000, 0x00000006c9100000, 0x00000006c9200000|  0%| F|  |TAMS 0x00000006c9100000, 0x00000006c9100000| Untracked 
| 146|0x00000006c9200000, 0x00000006c9200000, 0x00000006c9300000|  0%| F|  |TAMS 0x00000006c9200000, 0x00000006c9200000| Untracked 
| 147|0x00000006c9300000, 0x00000006c9300000, 0x00000006c9400000|  0%| F|  |TAMS 0x00000006c9300000, 0x00000006c9300000| Untracked 
| 148|0x00000006c9400000, 0x00000006c9400000, 0x00000006c9500000|  0%| F|  |TAMS 0x00000006c9400000, 0x00000006c9400000| Untracked 
| 149|0x00000006c9500000, 0x00000006c9500000, 0x00000006c9600000|  0%| F|  |TAMS 0x00000006c9500000, 0x00000006c9500000| Untracked 
| 150|0x00000006c9600000, 0x00000006c9600000, 0x00000006c9700000|  0%| F|  |TAMS 0x00000006c9600000, 0x00000006c9600000| Untracked 
| 151|0x00000006c9700000, 0x00000006c9700000, 0x00000006c9800000|  0%| F|  |TAMS 0x00000006c9700000, 0x00000006c9700000| Untracked 
| 152|0x00000006c9800000, 0x00000006c9800000, 0x00000006c9900000|  0%| F|  |TAMS 0x00000006c9800000, 0x00000006c9800000| Untracked 
| 153|0x00000006c9900000, 0x00000006c9900000, 0x00000006c9a00000|  0%| F|  |TAMS 0x00000006c9900000, 0x00000006c9900000| Untracked 
| 154|0x00000006c9a00000, 0x00000006c9a00000, 0x00000006c9b00000|  0%| F|  |TAMS 0x00000006c9a00000, 0x00000006c9a00000| Untracked 
| 155|0x00000006c9b00000, 0x00000006c9b00000, 0x00000006c9c00000|  0%| F|  |TAMS 0x00000006c9b00000, 0x00000006c9b00000| Untracked 
| 156|0x00000006c9c00000, 0x00000006c9c00000, 0x00000006c9d00000|  0%| F|  |TAMS 0x00000006c9c00000, 0x00000006c9c00000| Untracked 
| 157|0x00000006c9d00000, 0x00000006c9d00000, 0x00000006c9e00000|  0%| F|  |TAMS 0x00000006c9d00000, 0x00000006c9d00000| Untracked 
| 158|0x00000006c9e00000, 0x00000006c9e00000, 0x00000006c9f00000|  0%| F|  |TAMS 0x00000006c9e00000, 0x00000006c9e00000| Untracked 
| 159|0x00000006c9f00000, 0x00000006c9f00000, 0x00000006ca000000|  0%| F|  |TAMS 0x00000006c9f00000, 0x00000006c9f00000| Untracked 
| 160|0x00000006ca000000, 0x00000006ca000000, 0x00000006ca100000|  0%| F|  |TAMS 0x00000006ca000000, 0x00000006ca000000| Untracked 
| 161|0x00000006ca100000, 0x00000006ca100000, 0x00000006ca200000|  0%| F|  |TAMS 0x00000006ca100000, 0x00000006ca100000| Untracked 
| 162|0x00000006ca200000, 0x00000006ca200000, 0x00000006ca300000|  0%| F|  |TAMS 0x00000006ca200000, 0x00000006ca200000| Untracked 
| 163|0x00000006ca300000, 0x00000006ca300000, 0x00000006ca400000|  0%| F|  |TAMS 0x00000006ca300000, 0x00000006ca300000| Untracked 
| 164|0x00000006ca400000, 0x00000006ca400000, 0x00000006ca500000|  0%| F|  |TAMS 0x00000006ca400000, 0x00000006ca400000| Untracked 
| 165|0x00000006ca500000, 0x00000006ca500000, 0x00000006ca600000|  0%| F|  |TAMS 0x00000006ca500000, 0x00000006ca500000| Untracked 
| 166|0x00000006ca600000, 0x00000006ca600000, 0x00000006ca700000|  0%| F|  |TAMS 0x00000006ca600000, 0x00000006ca600000| Untracked 
| 167|0x00000006ca700000, 0x00000006ca700000, 0x00000006ca800000|  0%| F|  |TAMS 0x00000006ca700000, 0x00000006ca700000| Untracked 
| 168|0x00000006ca800000, 0x00000006ca800000, 0x00000006ca900000|  0%| F|  |TAMS 0x00000006ca800000, 0x00000006ca800000| Untracked 
| 169|0x00000006ca900000, 0x00000006ca900000, 0x00000006caa00000|  0%| F|  |TAMS 0x00000006ca900000, 0x00000006ca900000| Untracked 
| 170|0x00000006caa00000, 0x00000006caa00000, 0x00000006cab00000|  0%| F|  |TAMS 0x00000006caa00000, 0x00000006caa00000| Untracked 
| 171|0x00000006cab00000, 0x00000006cab00000, 0x00000006cac00000|  0%| F|  |TAMS 0x00000006cab00000, 0x00000006cab00000| Untracked 
| 172|0x00000006cac00000, 0x00000006cac00000, 0x00000006cad00000|  0%| F|  |TAMS 0x00000006cac00000, 0x00000006cac00000| Untracked 
| 173|0x00000006cad00000, 0x00000006cad00000, 0x00000006cae00000|  0%| F|  |TAMS 0x00000006cad00000, 0x00000006cad00000| Untracked 
| 174|0x00000006cae00000, 0x00000006cae00000, 0x00000006caf00000|  0%| F|  |TAMS 0x00000006cae00000, 0x00000006cae00000| Untracked 
| 175|0x00000006caf00000, 0x00000006caf00000, 0x00000006cb000000|  0%| F|  |TAMS 0x00000006caf00000, 0x00000006caf00000| Untracked 
| 176|0x00000006cb000000, 0x00000006cb000000, 0x00000006cb100000|  0%| F|  |TAMS 0x00000006cb000000, 0x00000006cb000000| Untracked 
| 177|0x00000006cb100000, 0x00000006cb100000, 0x00000006cb200000|  0%| F|  |TAMS 0x00000006cb100000, 0x00000006cb100000| Untracked 
| 178|0x00000006cb200000, 0x00000006cb200000, 0x00000006cb300000|  0%| F|  |TAMS 0x00000006cb200000, 0x00000006cb200000| Untracked 
| 179|0x00000006cb300000, 0x00000006cb300000, 0x00000006cb400000|  0%| F|  |TAMS 0x00000006cb300000, 0x00000006cb300000| Untracked 
| 180|0x00000006cb400000, 0x00000006cb400000, 0x00000006cb500000|  0%| F|  |TAMS 0x00000006cb400000, 0x00000006cb400000| Untracked 
| 181|0x00000006cb500000, 0x00000006cb500000, 0x00000006cb600000|  0%| F|  |TAMS 0x00000006cb500000, 0x00000006cb500000| Untracked 
| 182|0x00000006cb600000, 0x00000006cb600000, 0x00000006cb700000|  0%| F|  |TAMS 0x00000006cb600000, 0x00000006cb600000| Untracked 
| 183|0x00000006cb700000, 0x00000006cb700000, 0x00000006cb800000|  0%| F|  |TAMS 0x00000006cb700000, 0x00000006cb700000| Untracked 
| 184|0x00000006cb800000, 0x00000006cb800000, 0x00000006cb900000|  0%| F|  |TAMS 0x00000006cb800000, 0x00000006cb800000| Untracked 
| 185|0x00000006cb900000, 0x00000006cb900000, 0x00000006cba00000|  0%| F|  |TAMS 0x00000006cb900000, 0x00000006cb900000| Untracked 
| 186|0x00000006cba00000, 0x00000006cba00000, 0x00000006cbb00000|  0%| F|  |TAMS 0x00000006cba00000, 0x00000006cba00000| Untracked 
| 187|0x00000006cbb00000, 0x00000006cbb00000, 0x00000006cbc00000|  0%| F|  |TAMS 0x00000006cbb00000, 0x00000006cbb00000| Untracked 
| 188|0x00000006cbc00000, 0x00000006cbc00000, 0x00000006cbd00000|  0%| F|  |TAMS 0x00000006cbc00000, 0x00000006cbc00000| Untracked 
| 189|0x00000006cbd00000, 0x00000006cbd00000, 0x00000006cbe00000|  0%| F|  |TAMS 0x00000006cbd00000, 0x00000006cbd00000| Untracked 
| 190|0x00000006cbe00000, 0x00000006cbe00000, 0x00000006cbf00000|  0%| F|  |TAMS 0x00000006cbe00000, 0x00000006cbe00000| Untracked 
| 191|0x00000006cbf00000, 0x00000006cbf00000, 0x00000006cc000000|  0%| F|  |TAMS 0x00000006cbf00000, 0x00000006cbf00000| Untracked 
| 192|0x00000006cc000000, 0x00000006cc000000, 0x00000006cc100000|  0%| F|  |TAMS 0x00000006cc000000, 0x00000006cc000000| Untracked 
| 193|0x00000006cc100000, 0x00000006cc100000, 0x00000006cc200000|  0%| F|  |TAMS 0x00000006cc100000, 0x00000006cc100000| Untracked 
| 194|0x00000006cc200000, 0x00000006cc200000, 0x00000006cc300000|  0%| F|  |TAMS 0x00000006cc200000, 0x00000006cc200000| Untracked 
| 195|0x00000006cc300000, 0x00000006cc300000, 0x00000006cc400000|  0%| F|  |TAMS 0x00000006cc300000, 0x00000006cc300000| Untracked 
| 196|0x00000006cc400000, 0x00000006cc400000, 0x00000006cc500000|  0%| F|  |TAMS 0x00000006cc400000, 0x00000006cc400000| Untracked 
| 197|0x00000006cc500000, 0x00000006cc500000, 0x00000006cc600000|  0%| F|  |TAMS 0x00000006cc500000, 0x00000006cc500000| Untracked 
| 198|0x00000006cc600000, 0x00000006cc600000, 0x00000006cc700000|  0%| F|  |TAMS 0x00000006cc600000, 0x00000006cc600000| Untracked 
| 199|0x00000006cc700000, 0x00000006cc700000, 0x00000006cc800000|  0%| F|  |TAMS 0x00000006cc700000, 0x00000006cc700000| Untracked 
| 200|0x00000006cc800000, 0x00000006cc800000, 0x00000006cc900000|  0%| F|  |TAMS 0x00000006cc800000, 0x00000006cc800000| Untracked 
| 201|0x00000006cc900000, 0x00000006cc900000, 0x00000006cca00000|  0%| F|  |TAMS 0x00000006cc900000, 0x00000006cc900000| Untracked 
| 202|0x00000006cca00000, 0x00000006cca00000, 0x00000006ccb00000|  0%| F|  |TAMS 0x00000006cca00000, 0x00000006cca00000| Untracked 
| 203|0x00000006ccb00000, 0x00000006ccb00000, 0x00000006ccc00000|  0%| F|  |TAMS 0x00000006ccb00000, 0x00000006ccb00000| Untracked 
| 204|0x00000006ccc00000, 0x00000006ccc00000, 0x00000006ccd00000|  0%| F|  |TAMS 0x00000006ccc00000, 0x00000006ccc00000| Untracked 
| 205|0x00000006ccd00000, 0x00000006ccd00000, 0x00000006cce00000|  0%| F|  |TAMS 0x00000006ccd00000, 0x00000006ccd00000| Untracked 
| 206|0x00000006cce00000, 0x00000006cce00000, 0x00000006ccf00000|  0%| F|  |TAMS 0x00000006cce00000, 0x00000006cce00000| Untracked 
| 207|0x00000006ccf00000, 0x00000006ccf00000, 0x00000006cd000000|  0%| F|  |TAMS 0x00000006ccf00000, 0x00000006ccf00000| Untracked 
| 208|0x00000006cd000000, 0x00000006cd000000, 0x00000006cd100000|  0%| F|  |TAMS 0x00000006cd000000, 0x00000006cd000000| Untracked 
| 209|0x00000006cd100000, 0x00000006cd100000, 0x00000006cd200000|  0%| F|  |TAMS 0x00000006cd100000, 0x00000006cd100000| Untracked 
| 210|0x00000006cd200000, 0x00000006cd200000, 0x00000006cd300000|  0%| F|  |TAMS 0x00000006cd200000, 0x00000006cd200000| Untracked 
| 211|0x00000006cd300000, 0x00000006cd300000, 0x00000006cd400000|  0%| F|  |TAMS 0x00000006cd300000, 0x00000006cd300000| Untracked 
| 212|0x00000006cd400000, 0x00000006cd400000, 0x00000006cd500000|  0%| F|  |TAMS 0x00000006cd400000, 0x00000006cd400000| Untracked 
| 213|0x00000006cd500000, 0x00000006cd500000, 0x00000006cd600000|  0%| F|  |TAMS 0x00000006cd500000, 0x00000006cd500000| Untracked 
| 214|0x00000006cd600000, 0x00000006cd600000, 0x00000006cd700000|  0%| F|  |TAMS 0x00000006cd600000, 0x00000006cd600000| Untracked 
| 215|0x00000006cd700000, 0x00000006cd700000, 0x00000006cd800000|  0%| F|  |TAMS 0x00000006cd700000, 0x00000006cd700000| Untracked 
| 216|0x00000006cd800000, 0x00000006cd800000, 0x00000006cd900000|  0%| F|  |TAMS 0x00000006cd800000, 0x00000006cd800000| Untracked 
| 217|0x00000006cd900000, 0x00000006cd900000, 0x00000006cda00000|  0%| F|  |TAMS 0x00000006cd900000, 0x00000006cd900000| Untracked 
| 218|0x00000006cda00000, 0x00000006cda00000, 0x00000006cdb00000|  0%| F|  |TAMS 0x00000006cda00000, 0x00000006cda00000| Untracked 
| 219|0x00000006cdb00000, 0x00000006cdb00000, 0x00000006cdc00000|  0%| F|  |TAMS 0x00000006cdb00000, 0x00000006cdb00000| Untracked 
| 220|0x00000006cdc00000, 0x00000006cdc00000, 0x00000006cdd00000|  0%| F|  |TAMS 0x00000006cdc00000, 0x00000006cdc00000| Untracked 
| 221|0x00000006cdd00000, 0x00000006cdd00000, 0x00000006cde00000|  0%| F|  |TAMS 0x00000006cdd00000, 0x00000006cdd00000| Untracked 
| 222|0x00000006cde00000, 0x00000006cde00000, 0x00000006cdf00000|  0%| F|  |TAMS 0x00000006cde00000, 0x00000006cde00000| Untracked 
| 223|0x00000006cdf00000, 0x00000006cdf00000, 0x00000006ce000000|  0%| F|  |TAMS 0x00000006cdf00000, 0x00000006cdf00000| Untracked 
| 224|0x00000006ce000000, 0x00000006ce000000, 0x00000006ce100000|  0%| F|  |TAMS 0x00000006ce000000, 0x00000006ce000000| Untracked 
| 225|0x00000006ce100000, 0x00000006ce100000, 0x00000006ce200000|  0%| F|  |TAMS 0x00000006ce100000, 0x00000006ce100000| Untracked 
| 226|0x00000006ce200000, 0x00000006ce200000, 0x00000006ce300000|  0%| F|  |TAMS 0x00000006ce200000, 0x00000006ce200000| Untracked 
| 227|0x00000006ce300000, 0x00000006ce300000, 0x00000006ce400000|  0%| F|  |TAMS 0x00000006ce300000, 0x00000006ce300000| Untracked 
| 228|0x00000006ce400000, 0x00000006ce400000, 0x00000006ce500000|  0%| F|  |TAMS 0x00000006ce400000, 0x00000006ce400000| Untracked 
| 229|0x00000006ce500000, 0x00000006ce500000, 0x00000006ce600000|  0%| F|  |TAMS 0x00000006ce500000, 0x00000006ce500000| Untracked 
| 230|0x00000006ce600000, 0x00000006ce600000, 0x00000006ce700000|  0%| F|  |TAMS 0x00000006ce600000, 0x00000006ce600000| Untracked 
| 231|0x00000006ce700000, 0x00000006ce700000, 0x00000006ce800000|  0%| F|  |TAMS 0x00000006ce700000, 0x00000006ce700000| Untracked 
| 232|0x00000006ce800000, 0x00000006ce800000, 0x00000006ce900000|  0%| F|  |TAMS 0x00000006ce800000, 0x00000006ce800000| Untracked 
| 233|0x00000006ce900000, 0x00000006ce900000, 0x00000006cea00000|  0%| F|  |TAMS 0x00000006ce900000, 0x00000006ce900000| Untracked 
| 234|0x00000006cea00000, 0x00000006ceb00000, 0x00000006ceb00000|100%| S|CS|TAMS 0x00000006cea00000, 0x00000006cea00000| Complete 
| 235|0x00000006ceb00000, 0x00000006cec00000, 0x00000006cec00000|100%| S|CS|TAMS 0x00000006ceb00000, 0x00000006ceb00000| Complete 
| 236|0x00000006cec00000, 0x00000006ced00000, 0x00000006ced00000|100%| S|CS|TAMS 0x00000006cec00000, 0x00000006cec00000| Complete 
| 237|0x00000006ced00000, 0x00000006cee00000, 0x00000006cee00000|100%| S|CS|TAMS 0x00000006ced00000, 0x00000006ced00000| Complete 
| 238|0x00000006cee00000, 0x00000006cef00000, 0x00000006cef00000|100%| S|CS|TAMS 0x00000006cee00000, 0x00000006cee00000| Complete 
| 239|0x00000006cef00000, 0x00000006cf000000, 0x00000006cf000000|100%| S|CS|TAMS 0x00000006cef00000, 0x00000006cef00000| Complete 
| 240|0x00000006cf000000, 0x00000006cf000000, 0x00000006cf100000|  0%| F|  |TAMS 0x00000006cf000000, 0x00000006cf000000| Untracked 
| 241|0x00000006cf100000, 0x00000006cf100000, 0x00000006cf200000|  0%| F|  |TAMS 0x00000006cf100000, 0x00000006cf100000| Untracked 
| 242|0x00000006cf200000, 0x00000006cf200000, 0x00000006cf300000|  0%| F|  |TAMS 0x00000006cf200000, 0x00000006cf200000| Untracked 
| 243|0x00000006cf300000, 0x00000006cf300000, 0x00000006cf400000|  0%| F|  |TAMS 0x00000006cf300000, 0x00000006cf300000| Untracked 
| 244|0x00000006cf400000, 0x00000006cf400000, 0x00000006cf500000|  0%| F|  |TAMS 0x00000006cf400000, 0x00000006cf400000| Untracked 
| 245|0x00000006cf500000, 0x00000006cf500000, 0x00000006cf600000|  0%| F|  |TAMS 0x00000006cf500000, 0x00000006cf500000| Untracked 
| 246|0x00000006cf600000, 0x00000006cf600000, 0x00000006cf700000|  0%| F|  |TAMS 0x00000006cf600000, 0x00000006cf600000| Untracked 
| 247|0x00000006cf700000, 0x00000006cf700000, 0x00000006cf800000|  0%| F|  |TAMS 0x00000006cf700000, 0x00000006cf700000| Untracked 
| 248|0x00000006cf800000, 0x00000006cf800000, 0x00000006cf900000|  0%| F|  |TAMS 0x00000006cf800000, 0x00000006cf800000| Untracked 
| 249|0x00000006cf900000, 0x00000006cf900000, 0x00000006cfa00000|  0%| F|  |TAMS 0x00000006cf900000, 0x00000006cf900000| Untracked 
| 250|0x00000006cfa00000, 0x00000006cfb00000, 0x00000006cfb00000|100%| E|  |TAMS 0x00000006cfa00000, 0x00000006cfa00000| Complete 
| 251|0x00000006cfb00000, 0x00000006cfc00000, 0x00000006cfc00000|100%| E|CS|TAMS 0x00000006cfb00000, 0x00000006cfb00000| Complete 
| 252|0x00000006cfc00000, 0x00000006cfd00000, 0x00000006cfd00000|100%| E|CS|TAMS 0x00000006cfc00000, 0x00000006cfc00000| Complete 
| 253|0x00000006cfd00000, 0x00000006cfe00000, 0x00000006cfe00000|100%| E|CS|TAMS 0x00000006cfd00000, 0x00000006cfd00000| Complete 
| 254|0x00000006cfe00000, 0x00000006cff00000, 0x00000006cff00000|100%| E|CS|TAMS 0x00000006cfe00000, 0x00000006cfe00000| Complete 
| 255|0x00000006cff00000, 0x00000006d0000000, 0x00000006d0000000|100%| E|CS|TAMS 0x00000006cff00000, 0x00000006cff00000| Complete 
| 256|0x00000006d0000000, 0x00000006d0100000, 0x00000006d0100000|100%| O|  |TAMS 0x00000006d0100000, 0x00000006d0000000| Untracked 
| 257|0x00000006d0100000, 0x00000006d0200000, 0x00000006d0200000|100%| O|  |TAMS 0x00000006d0200000, 0x00000006d0100000| Untracked 
| 258|0x00000006d0200000, 0x00000006d0300000, 0x00000006d0300000|100%| O|  |TAMS 0x00000006d0300000, 0x00000006d0200000| Untracked 
| 259|0x00000006d0300000, 0x00000006d0400000, 0x00000006d0400000|100%| O|  |TAMS 0x00000006d0400000, 0x00000006d0300000| Untracked 
| 260|0x00000006d0400000, 0x00000006d0500000, 0x00000006d0500000|100%| O|  |TAMS 0x00000006d0500000, 0x00000006d0400000| Untracked 
| 261|0x00000006d0500000, 0x00000006d0600000, 0x00000006d0600000|100%| O|  |TAMS 0x00000006d0600000, 0x00000006d0500000| Untracked 
| 262|0x00000006d0600000, 0x00000006d0700000, 0x00000006d0700000|100%| O|  |TAMS 0x00000006d0700000, 0x00000006d0600000| Untracked 
| 263|0x00000006d0700000, 0x00000006d0800000, 0x00000006d0800000|100%| O|  |TAMS 0x00000006d0800000, 0x00000006d0700000| Untracked 
| 264|0x00000006d0800000, 0x00000006d0900000, 0x00000006d0900000|100%| O|  |TAMS 0x00000006d0900000, 0x00000006d0800000| Untracked 
| 265|0x00000006d0900000, 0x00000006d0a00000, 0x00000006d0a00000|100%| O|  |TAMS 0x00000006d0a00000, 0x00000006d0900000| Untracked 
| 266|0x00000006d0a00000, 0x00000006d0b00000, 0x00000006d0b00000|100%| O|  |TAMS 0x00000006d0b00000, 0x00000006d0a00000| Untracked 
| 267|0x00000006d0b00000, 0x00000006d0c00000, 0x00000006d0c00000|100%| O|  |TAMS 0x00000006d0c00000, 0x00000006d0b00000| Untracked 
| 268|0x00000006d0c00000, 0x00000006d0d00000, 0x00000006d0d00000|100%| O|  |TAMS 0x00000006d0d00000, 0x00000006d0c00000| Untracked 
| 269|0x00000006d0d00000, 0x00000006d0e00000, 0x00000006d0e00000|100%| O|  |TAMS 0x00000006d0e00000, 0x00000006d0d00000| Untracked 
| 270|0x00000006d0e00000, 0x00000006d0f00000, 0x00000006d0f00000|100%| O|  |TAMS 0x00000006d0f00000, 0x00000006d0e00000| Untracked 
| 271|0x00000006d0f00000, 0x00000006d1000000, 0x00000006d1000000|100%| O|  |TAMS 0x00000006d1000000, 0x00000006d0f00000| Untracked 
| 272|0x00000006d1000000, 0x00000006d1100000, 0x00000006d1100000|100%| O|  |TAMS 0x00000006d1100000, 0x00000006d1000000| Untracked 
| 273|0x00000006d1100000, 0x00000006d1200000, 0x00000006d1200000|100%| O|  |TAMS 0x00000006d1200000, 0x00000006d1100000| Untracked 
| 274|0x00000006d1200000, 0x00000006d1300000, 0x00000006d1300000|100%| O|  |TAMS 0x00000006d1300000, 0x00000006d1200000| Untracked 
| 275|0x00000006d1300000, 0x00000006d1400000, 0x00000006d1400000|100%| O|  |TAMS 0x00000006d1400000, 0x00000006d1300000| Untracked 
| 276|0x00000006d1400000, 0x00000006d1500000, 0x00000006d1500000|100%| O|  |TAMS 0x00000006d1500000, 0x00000006d1400000| Untracked 
| 277|0x00000006d1500000, 0x00000006d1600000, 0x00000006d1600000|100%| O|  |TAMS 0x00000006d1600000, 0x00000006d1500000| Untracked 
| 278|0x00000006d1600000, 0x00000006d1700000, 0x00000006d1700000|100%| O|  |TAMS 0x00000006d1700000, 0x00000006d1600000| Untracked 
| 279|0x00000006d1700000, 0x00000006d1800000, 0x00000006d1800000|100%| O|  |TAMS 0x00000006d1800000, 0x00000006d1700000| Untracked 
| 280|0x00000006d1800000, 0x00000006d1900000, 0x00000006d1900000|100%| O|  |TAMS 0x00000006d1900000, 0x00000006d1800000| Untracked 

Card table byte_map: [0x000000011b178000,0x000000011b978000] _byte_map_base: 0x0000000117b78000

Marking Bits (Prev, Next): (CMBitMap*) 0x000000013d03f018, (CMBitMap*) 0x000000013d03f050
 Prev Bits: [0x000000011c178000, 0x0000000120178000)
 Next Bits: [0x0000000120178000, 0x0000000124178000)

Polling page: 0x0000000100c8c000

Metaspace:

Usage:
  Non-class:     22.90 MB capacity,    22.40 MB ( 98%) used,   422.77 KB (  2%) free+waste,    96.44 KB ( <1%) overhead. 
      Class:      3.25 MB capacity,     2.92 MB ( 90%) used,   288.41 KB (  9%) free+waste,    47.44 KB (  1%) overhead. 
       Both:     26.15 MB capacity,    25.31 MB ( 97%) used,   711.18 KB (  3%) free+waste,   143.88 KB ( <1%) overhead. 

Virtual space:
  Non-class space:       24.00 MB reserved,      23.00 MB ( 96%) committed 
      Class space:        1.00 GB reserved,       3.25 MB ( <1%) committed 
             Both:        1.02 GB reserved,      26.25 MB (  3%) committed 

Chunk freelists:
   Non-Class:  52.00 KB
       Class:  5.00 KB
        Both:  57.00 KB

MaxMetaspaceSize: unlimited
CompressedClassSpaceSize: 1.00 GB
Initial GC threshold: 20.80 MB
Current GC threshold: 42.50 MB
CDS: off

CodeHeap 'non-profiled nmethods': size=120032Kb used=1641Kb max_used=1641Kb free=118391Kb
 bounds [0x0000000113c40000, 0x0000000113eb0000, 0x000000011b178000]
CodeHeap 'profiled nmethods': size=120016Kb used=8690Kb max_used=8690Kb free=111325Kb
 bounds [0x000000010c70c000, 0x000000010cf8c000, 0x0000000113c40000]
CodeHeap 'non-nmethods': size=5712Kb used=1385Kb max_used=1430Kb free=4326Kb
 bounds [0x000000010c178000, 0x000000010c3e8000, 0x000000010c70c000]
 total_blobs=4315 nmethods=3553 adapters=677
 compilation: enabled
              stopped_count=0, restarted_count=0
 full_count=0

Compilation events (20 events):
Event: 26.162 Thread 0x000000014d915000 4161       3       com.sun.javafx.PlatformUtil::isIOS (4 bytes)
Event: 26.162 Thread 0x000000014d915000 nmethod 4161 0x000000010cf7da90 code [0x000000010cf7dc40, 0x000000010cf7dd90]
Event: 26.162 Thread 0x000000014d915000 4162       3       com.sun.prism.impl.VertexBuffer::setPerVertexColor (63 bytes)
Event: 26.162 Thread 0x000000014d915000 nmethod 4162 0x000000010cf7de10 code [0x000000010cf7e000, 0x000000010cf7e250]
Event: 26.162 Thread 0x000000014d915000 4163       3       com.sun.prism.es2.ES2Texture::update (649 bytes)
Event: 26.166 Thread 0x000000014d915000 nmethod 4163 0x000000010cf7e310 code [0x000000010cf7e800, 0x000000010cf80f60]
Event: 26.166 Thread 0x000000014d915000 4164       3       com.sun.prism.impl.BaseTexture::checkUpdateParams (322 bytes)
Event: 26.168 Thread 0x000000014d915000 nmethod 4164 0x000000010cf81c90 code [0x000000010cf82080, 0x000000010cf83270]
Event: 26.658 Thread 0x000000014d915000 4165       3       javafx.scene.Scene::isDirty (18 bytes)
Event: 26.659 Thread 0x000000014d915000 nmethod 4165 0x000000010cf83b10 code [0x000000010cf83cc0, 0x000000010cf83ed0]
Event: 27.167 Thread 0x000000014d915000 4167       3       com.sun.javafx.sg.prism.NGNode::clearDirtyTree (84 bytes)
Event: 27.167 Thread 0x000000014d915000 nmethod 4167 0x000000010cf83f90 code [0x000000010cf84200, 0x000000010cf84e00]
Event: 27.167 Thread 0x000000014d915000 4168       3       com.sun.prism.es2.ES2Texture::getBufferElementSizeLog (42 bytes)
Event: 27.168 Thread 0x000000014d915000 nmethod 4168 0x000000010cf85090 code [0x000000010cf852c0, 0x000000010cf858f0]
Event: 27.168 Thread 0x000000014d915000 4169       3       com.sun.prism.es2.GLContext::texSubImage2D (65 bytes)
Event: 27.168 Thread 0x000000014d915000 nmethod 4169 0x000000010cf85a90 code [0x000000010cf85cc0, 0x000000010cf860f0]
Event: 27.659 Thread 0x000000014d915000 4170       3       com.sun.marlin.DRenderer::closePath (61 bytes)
Event: 27.660 Thread 0x000000014d915000 nmethod 4170 0x000000010cf86310 code [0x000000010cf864c0, 0x000000010cf86740]
Event: 27.660 Thread 0x000000014d915000 4171       3       com.sun.javafx.geom.transform.AffineBase::transform2DBounds (576 bytes)
Event: 27.662 Thread 0x000000014d915000 nmethod 4171 0x000000010cf86810 code [0x000000010cf86c00, 0x000000010cf880d0]

GC Heap History (10 events):
Event: 0.505 GC heap before
{Heap before GC invocations=0 (full 0):
 garbage-first heap   total 262144K, used 23552K [0x00000006c0000000, 0x00000007c0000000)
  region size 1024K, 24 young (24576K), 0 survivors (0K)
 Metaspace       used 16585K, capacity 17155K, committed 17408K, reserved 1064960K
  class space    used 1753K, capacity 1974K, committed 2048K, reserved 1048576K
}
Event: 0.508 GC heap after
{Heap after GC invocations=1 (full 0):
 garbage-first heap   total 262144K, used 7592K [0x00000006c0000000, 0x00000007c0000000)
  region size 1024K, 3 young (3072K), 3 survivors (3072K)
 Metaspace       used 16585K, capacity 17155K, committed 17408K, reserved 1064960K
  class space    used 1753K, capacity 1974K, committed 2048K, reserved 1048576K
}
Event: 1.183 GC heap before
{Heap before GC invocations=1 (full 0):
 garbage-first heap   total 262144K, used 160168K [0x00000006c0000000, 0x00000007c0000000)
  region size 1024K, 153 young (156672K), 3 survivors (3072K)
 Metaspace       used 17265K, capacity 17772K, committed 17920K, reserved 1064960K
  class space    used 1754K, capacity 1975K, committed 2048K, reserved 1048576K
}
Event: 1.204 GC heap after
{Heap after GC invocations=2 (full 0):
 garbage-first heap   total 287744K, used 130432K [0x00000006c0000000, 0x00000007c0000000)
  region size 1024K, 20 young (20480K), 20 survivors (20480K)
 Metaspace       used 17265K, capacity 17772K, committed 17920K, reserved 1064960K
  class space    used 1754K, capacity 1975K, committed 2048K, reserved 1048576K
}
Event: 1.245 GC heap before
{Heap before GC invocations=2 (full 0):
 garbage-first heap   total 287744K, used 139648K [0x00000006c0000000, 0x00000007c0000000)
  region size 1024K, 29 young (29696K), 20 survivors (20480K)
 Metaspace       used 17270K, capacity 17772K, committed 17920K, reserved 1064960K
  class space    used 1754K, capacity 1975K, committed 2048K, reserved 1048576K
}
Event: 1.247 GC heap after
{Heap after GC invocations=3 (full 0):
 garbage-first heap   total 287744K, used 137514K [0x00000006c0000000, 0x00000007c0000000)
  region size 1024K, 4 young (4096K), 4 survivors (4096K)
 Metaspace       used 17270K, capacity 17772K, committed 17920K, reserved 1064960K
  class space    used 1754K, capacity 1975K, committed 2048K, reserved 1048576K
}
Event: 1.271 GC heap before
{Heap before GC invocations=3 (full 0):
 garbage-first heap   total 287744K, used 140586K [0x00000006c0000000, 0x00000007c0000000)
  region size 1024K, 8 young (8192K), 4 survivors (4096K)
 Metaspace       used 17749K, capacity 18229K, committed 18432K, reserved 1064960K
  class space    used 1822K, capacity 2042K, committed 2048K, reserved 1048576K
}
Event: 1.274 GC heap after
{Heap after GC invocations=4 (full 0):
 garbage-first heap   total 287744K, used 139858K [0x00000006c0000000, 0x00000007c0000000)
  region size 1024K, 3 young (3072K), 3 survivors (3072K)
 Metaspace       used 17749K, capacity 18229K, committed 18432K, reserved 1064960K
  class space    used 1822K, capacity 2042K, committed 2048K, reserved 1048576K
}
Event: 1.794 GC heap before
{Heap before GC invocations=5 (full 0):
 garbage-first heap   total 287744K, used 155218K [0x00000006c0000000, 0x00000007c0000000)
  region size 1024K, 16 young (16384K), 3 survivors (3072K)
 Metaspace       used 25106K, capacity 25955K, committed 26112K, reserved 1073152K
  class space    used 2950K, capacity 3308K, committed 3328K, reserved 1048576K
}
Event: 1.796 GC heap after
{Heap after GC invocations=6 (full 0):
 garbage-first heap   total 287744K, used 148173K [0x00000006c0000000, 0x00000007c0000000)
  region size 1024K, 6 young (6144K), 6 survivors (6144K)
 Metaspace       used 25106K, capacity 25955K, committed 26112K, reserved 1073152K
  class space    used 2950K, capacity 3308K, committed 3328K, reserved 1048576K
}

Deoptimization events (20 events):
Event: 1.817 Thread 0x000000014da01000 DEOPT PACKING pc=0x000000010cdebaf0 sp=0x0000000171a1cee0
Event: 1.817 Thread 0x000000014da01000 DEOPT UNPACKING pc=0x000000010c1ad27c sp=0x0000000171a1cc30 mode 0
Event: 1.818 Thread 0x000000014da01000 DEOPT PACKING pc=0x000000010cdebaf0 sp=0x0000000171a1cee0
Event: 1.818 Thread 0x000000014da01000 DEOPT UNPACKING pc=0x000000010c1ad27c sp=0x0000000171a1cc30 mode 0
Event: 10.664 Thread 0x000000014da01000 DEOPT PACKING pc=0x000000010cdfb454 sp=0x0000000171a1cee0
Event: 10.664 Thread 0x000000014da01000 DEOPT UNPACKING pc=0x000000010c1ad27c sp=0x0000000171a1cb90 mode 0
Event: 13.163 Thread 0x000000014da01000 DEOPT PACKING pc=0x000000010ce355dc sp=0x0000000171a1d120
Event: 13.163 Thread 0x000000014da01000 DEOPT UNPACKING pc=0x000000010c1ad27c sp=0x0000000171a1ce40 mode 0
Event: 15.660 Thread 0x000000014da01000 DEOPT PACKING pc=0x000000010ceb9dec sp=0x0000000171a1d000
Event: 15.660 Thread 0x000000014da01000 DEOPT UNPACKING pc=0x000000010c1ad27c sp=0x0000000171a1cce0 mode 0
Event: 15.660 Thread 0x000000014da01000 DEOPT PACKING pc=0x000000010cdf969c sp=0x0000000171a1d0e0
Event: 15.660 Thread 0x000000014da01000 DEOPT UNPACKING pc=0x000000010c1ad27c sp=0x0000000171a1ce80 mode 0
Event: 15.900 Thread 0x000000013a0f1800 DEOPT PACKING pc=0x000000010cf07ed0 sp=0x000000016f3a6b10
Event: 15.900 Thread 0x000000013a0f1800 DEOPT UNPACKING pc=0x000000010c1ad27c sp=0x000000016f3a68d0 mode 3
Event: 16.773 Thread 0x000000013a0f1800 DEOPT PACKING pc=0x000000010cee476c sp=0x000000016f3a7f20
Event: 16.773 Thread 0x000000013a0f1800 DEOPT UNPACKING pc=0x000000010c1ad27c sp=0x000000016f3a7d10 mode 3
Event: 16.773 Thread 0x000000013a0f1800 DEOPT PACKING pc=0x000000010ced1d84 sp=0x000000016f3a6d50
Event: 16.773 Thread 0x000000013a0f1800 DEOPT UNPACKING pc=0x000000010c1ad27c sp=0x000000016f3a6b60 mode 3
Event: 16.776 Thread 0x000000013a0f1800 DEOPT PACKING pc=0x000000010cf0cfd8 sp=0x000000016f3a6980
Event: 16.776 Thread 0x000000013a0f1800 DEOPT UNPACKING pc=0x000000010c1ad27c sp=0x000000016f3a66f0 mode 3

Classes redefined (0 events):
No events

Internal exceptions (20 events):
Event: 1.331 Thread 0x000000013a0f1800 Implicit null exception at 0x0000000113d08bb4 to 0x0000000113d08c80
Event: 1.355 Thread 0x000000013a0f1800 Exception <a 'java/lang/NoSuchMethodError'{0x00000006cfc5de68}: 'void java.lang.invoke.DirectMethodHandle$Holder.invokeStaticInit(java.lang.Object, java.lang.Object)'> (0x00000006cfc5de68) thrown at [src/hotspot/share/interpreter/linkResolver.cpp, line 773]
Event: 1.380 Thread 0x000000013a0f1800 Implicit null exception at 0x0000000113cf9918 to 0x0000000113cfba90
Event: 1.384 Thread 0x000000013a0f1800 Implicit null exception at 0x0000000113ca247c to 0x0000000113ca24fc
Event: 1.460 Thread 0x000000013a0f1800 Exception <a 'java/lang/ClassNotFoundException'{0x00000006cf692af8}: com/sun/javafx/scene/control/skin/resources/controls> (0x00000006cf692af8) thrown at [src/hotspot/share/prims/jni.cpp, line 637]
Event: 1.461 Thread 0x000000013a0f1800 Exception <a 'java/lang/ClassNotFoundException'{0x00000006cf6a0650}: com/sun/javafx/scene/control/skin/resources/controls_de> (0x00000006cf6a0650) thrown at [src/hotspot/share/prims/jni.cpp, line 637]
Event: 1.461 Thread 0x000000013a0f1800 Exception <a 'java/lang/ClassNotFoundException'{0x00000006cf6adee8}: com/sun/javafx/scene/control/skin/resources/controls_de_DE> (0x00000006cf6adee8) thrown at [src/hotspot/share/prims/jni.cpp, line 637]
Event: 1.476 Thread 0x000000013a0f1800 Exception <a 'java/lang/NoSuchMethodError'{0x00000006cf5d6bd0}: 'void java.lang.invoke.DirectMethodHandle$Holder.invokeSpecial(java.lang.Object, java.lang.Object, java.lang.Object, java.lang.Object, java.lang.Object, java.lang.Object)'> (0x00000006cf5d6bd0) thrown at [src/hotspot/share/interpreter/linkResolver.cpp, line 773]
Event: 1.477 Thread 0x000000013a0f1800 Implicit null exception at 0x0000000113d40798 to 0x0000000113d40878
Event: 1.549 Thread 0x000000013a0f1800 Exception <a 'java/lang/NoSuchMethodError'{0x00000006cf49a878}: 'java.lang.Object java.lang.invoke.Invokers$Holder.linkToTargetMethod(java.lang.Object, int, java.lang.Object)'> (0x00000006cf49a878) thrown at [src/hotspot/share/interpreter/linkResolver.cpp, line 773]
Event: 1.562 Thread 0x000000013a0f1800 Exception <a 'java/lang/NoSuchMethodError'{0x00000006cf31d908}: 'java.lang.Object java.lang.invoke.DirectMethodHandle$Holder.invokeInterface(java.lang.Object, java.lang.Object, java.lang.Object)'> (0x00000006cf31d908) thrown at [src/hotspot/share/interpreter/linkResolver.cpp, line 773]
Event: 1.562 Thread 0x000000013a0f1800 Exception <a 'java/lang/IncompatibleClassChangeError'{0x00000006cf320ac0}: Found class java.lang.Object, but interface was expected> (0x00000006cf320ac0) thrown at [src/hotspot/share/interpreter/linkResolver.cpp, line 839]
Event: 1.656 Thread 0x000000013a0f1800 Implicit null exception at 0x0000000113d5df64 to 0x0000000113d5e38c
Event: 1.669 Thread 0x000000013a0f1800 Exception <a 'java/lang/NoSuchMethodError'{0x00000006cf2de9a8}: 'long java.lang.invoke.DirectMethodHandle$Holder.invokeStaticInit(java.lang.Object, java.lang.Object, java.lang.Object)'> (0x00000006cf2de9a8) thrown at [src/hotspot/share/interpreter/linkResolver.cpp, line 773]
Event: 1.670 Thread 0x000000013a0f1800 Exception <a 'java/lang/NoSuchMethodError'{0x00000006cf2f6ff0}: 'java.lang.Object java.lang.invoke.DirectMethodHandle$Holder.invokeStatic(java.lang.Object, java.lang.Object, long)'> (0x00000006cf2f6ff0) thrown at [src/hotspot/share/interpreter/linkResolver.cpp, line 773]
Event: 1.670 Thread 0x000000014da01000 Exception <a 'java/lang/NoSuchMethodError'{0x00000006cf10e430}: 'int java.lang.invoke.DirectMethodHandle$Holder.invokeStaticInit(java.lang.Object, java.lang.Object)'> (0x00000006cf10e430) thrown at [src/hotspot/share/interpreter/linkResolver.cpp, line 773]
Event: 1.670 Thread 0x000000013a0f1800 Exception <a 'java/lang/NoSuchMethodError'{0x00000006cf2fd168}: 'java.lang.Object java.lang.invoke.Invokers$Holder.linkToTargetMethod(java.lang.Object, long, java.lang.Object)'> (0x00000006cf2fd168) thrown at [src/hotspot/share/interpreter/linkResolver.cpp, line 773]
Event: 16.780 Thread 0x000000013a0f1800 Exception <a 'java/lang/NoSuchMethodError'{0x00000006cfcbb5e0}: 'java.lang.Object java.lang.invoke.DirectMethodHandle$Holder.invokeStatic(java.lang.Object, java.lang.Object, int, int, int, int, int, java.lang.Object)'> (0x00000006cfcbb5e0) thrown at [src/hotspot/share/interpreter/linkResolver.cpp, line 773]
Event: 16.781 Thread 0x000000013a0f1800 Exception <a 'java/lang/NoSuchMethodError'{0x00000006cfccbe78}: 'java.lang.Object java.lang.invoke.DirectMethodHandle$Holder.invokeStatic(java.lang.Object, java.lang.Object, java.lang.Object, int, int, int, int, int)'> (0x00000006cfccbe78) thrown at [src/hotspot/share/interpreter/linkResolver.cpp, line 773]
Event: 16.781 Thread 0x000000013a0f1800 Exception <a 'java/lang/NoSuchMethodError'{0x00000006cfcd26e8}: 'java.lang.Object java.lang.invoke.Invokers$Holder.linkToTargetMethod(java.lang.Object, java.lang.Object, int, int, int, int, int, java.lang.Object)'> (0x00000006cfcd26e8) thrown at [src/hotspot/share/interpreter/linkResolver.cpp, line 773]

Events (20 events):
Event: 1.864 loading class javafx/event/Event
Event: 1.864 loading class javafx/event/Event done
Event: 1.864 loading class javafx/scene/Node
Event: 1.864 loading class javafx/scene/Node done
Event: 16.775 loading class javafx/event/Event
Event: 16.775 loading class javafx/event/Event done
Event: 16.775 loading class javafx/event/ActionEvent
Event: 16.775 loading class javafx/event/ActionEvent done
Event: 16.775 loading class javafx/event/ActionEvent
Event: 16.775 loading class javafx/event/ActionEvent done
Event: 16.775 loading class javafx/scene/Scene$ClickCounter
Event: 16.775 loading class javafx/scene/Scene$ClickCounter done
Event: 16.779 loading class com/sun/glass/ui/ClipboardAssistance
Event: 16.779 loading class com/sun/glass/ui/ClipboardAssistance done
Event: 16.780 loading class com/sun/javafx/tk/quantum/GlassViewEventHandler
Event: 16.780 loading class com/sun/javafx/tk/quantum/GlassViewEventHandler done
Event: 16.780 loading class com/sun/glass/ui/ClipboardAssistance
Event: 16.780 loading class com/sun/glass/ui/ClipboardAssistance done
Event: 16.781 loading class com/sun/javafx/tk/quantum/GlassSceneDnDEventHandler
Event: 16.781 loading class com/sun/javafx/tk/quantum/GlassSceneDnDEventHandler done


Dynamic libraries:
0x0000000100c3c000 	/Users/maximilianrupprecht/Library/Java/JavaVirtualMachines/liberica-11.0.13/lib/jli/libjli.dylib
0x00000001ab35c000 	/System/Library/Frameworks/Cocoa.framework/Versions/A/Cocoa
0x00000001978fa000 	/System/Library/Frameworks/AppKit.framework/Versions/C/AppKit
0x000000019ae1c000 	/System/Library/Frameworks/CoreData.framework/Versions/A/CoreData
0x0000000195c5b000 	/System/Library/Frameworks/Foundation.framework/Versions/C/Foundation
0x000000019f7b2000 	/usr/lib/libSystem.B.dylib
0x00000001987ac000 	/System/Library/PrivateFrameworks/UIFoundation.framework/Versions/A/UIFoundation
0x00000001a5679000 	/System/Library/PrivateFrameworks/RemoteViewServices.framework/Versions/A/RemoteViewServices
0x000000019dc74000 	/System/Library/PrivateFrameworks/XCTTargetBootstrap.framework/Versions/A/XCTTargetBootstrap
0x00000001a14b4000 	/System/Library/PrivateFrameworks/InternationalSupport.framework/Versions/A/InternationalSupport
0x00000001a153d000 	/System/Library/PrivateFrameworks/UserActivity.framework/Versions/A/UserActivity
0x00000001a09df000 	/usr/lib/libspindump.dylib
0x0000000198a1c000 	/System/Library/Frameworks/UniformTypeIdentifiers.framework/Versions/A/UniformTypeIdentifiers
0x000000019c202000 	/usr/lib/libapp_launch_measurement.dylib
0x000000019b77f000 	/System/Library/PrivateFrameworks/CoreAnalytics.framework/Versions/A/CoreAnalytics
0x000000019c205000 	/System/Library/PrivateFrameworks/CoreAutoLayout.framework/Versions/A/CoreAutoLayout
0x000000019d578000 	/System/Library/Frameworks/Metal.framework/Versions/A/Metal
0x000000019e2c5000 	/usr/lib/liblangid.dylib
0x000000019dc78000 	/System/Library/PrivateFrameworks/CoreSVG.framework/Versions/A/CoreSVG
0x0000000199ed9000 	/System/Library/PrivateFrameworks/SkyLight.framework/Versions/A/SkyLight
0x000000019a2a1000 	/System/Library/Frameworks/CoreGraphics.framework/Versions/A/CoreGraphics
0x00000001a5cf2000 	/System/Library/Frameworks/Accelerate.framework/Versions/A/Accelerate
0x00000001a0454000 	/System/Library/PrivateFrameworks/IconServices.framework/Versions/A/IconServices
0x000000019d55a000 	/System/Library/Frameworks/IOSurface.framework/Versions/A/IOSurface
0x000000019b7af000 	/usr/lib/libDiagnosticMessagesClient.dylib
0x000000019f702000 	/usr/lib/libz.1.dylib
0x00000001a912a000 	/System/Library/Frameworks/ApplicationServices.framework/Versions/A/ApplicationServices
0x000000019dc5c000 	/System/Library/PrivateFrameworks/DFRFoundation.framework/Versions/A/DFRFoundation
0x000000019719d000 	/usr/lib/libicucore.A.dylib
0x00000001a22b1000 	/System/Library/Frameworks/AudioToolbox.framework/Versions/A/AudioToolbox
0x00000001a14c0000 	/System/Library/PrivateFrameworks/DataDetectorsCore.framework/Versions/A/DataDetectorsCore
0x00000001b74dc000 	/System/Library/PrivateFrameworks/TextInput.framework/Versions/A/TextInput
0x0000000199e50000 	/usr/lib/libMobileGestalt.dylib
0x000000019d92c000 	/System/Library/Frameworks/Carbon.framework/Versions/A/Frameworks/HIToolbox.framework/Versions/A/HIToolbox
0x000000019bc0c000 	/System/Library/Frameworks/QuartzCore.framework/Versions/A/QuartzCore
0x0000000196e1a000 	/System/Library/Frameworks/Security.framework/Versions/A/Security
0x00000001a56b9000 	/System/Library/Frameworks/Carbon.framework/Versions/A/Frameworks/SpeechRecognition.framework/Versions/A/SpeechRecognition
0x000000019bf59000 	/System/Library/PrivateFrameworks/CoreUI.framework/Versions/A/CoreUI
0x00000001966ed000 	/System/Library/Frameworks/CoreAudio.framework/Versions/A/CoreAudio
0x000000019b89f000 	/System/Library/Frameworks/DiskArbitration.framework/Versions/A/DiskArbitration
0x00000001a0dc7000 	/System/Library/PrivateFrameworks/MultitouchSupport.framework/Versions/A/MultitouchSupport
0x0000000199e4e000 	/usr/lib/libenergytrace.dylib
0x00000001977c6000 	/System/Library/Frameworks/IOKit.framework/Versions/A/IOKit
0x00000001a5aa0000 	/System/Library/Frameworks/CoreServices.framework/Versions/A/CoreServices
0x000000019c192000 	/System/Library/PrivateFrameworks/PerformanceAnalysis.framework/Versions/A/PerformanceAnalysis
0x00000001f5d01000 	/System/Library/Frameworks/OpenGL.framework/Versions/A/OpenGL
0x000000019ed78000 	/System/Library/PrivateFrameworks/MobileKeyBag.framework/Versions/A/MobileKeyBag
0x0000000194ba2000 	/usr/lib/libobjc.A.dylib
0x000000019a8b1000 	/System/Library/Frameworks/ColorSync.framework/Versions/A/ColorSync
0x0000000194d64000 	/System/Library/Frameworks/CoreFoundation.framework/Versions/A/CoreFoundation
0x000000019def9000 	/System/Library/Frameworks/CoreImage.framework/Versions/A/CoreImage
0x0000000196510000 	/System/Library/Frameworks/CoreText.framework/Versions/A/CoreText
0x000000019dca8000 	/System/Library/Frameworks/ImageIO.framework/Versions/A/ImageIO
0x000000019f7b8000 	/System/Library/PrivateFrameworks/SoftLinking.framework/Versions/A/SoftLinking
0x000000019c24f000 	/usr/lib/libxml2.2.dylib
0x0000000194c62000 	/usr/lib/libc++.1.dylib
0x000000019fa50000 	/usr/lib/libcompression.dylib
0x00000001a140d000 	/System/Library/PrivateFrameworks/TextureIO.framework/Versions/A/TextureIO
0x00000001a016e000 	/usr/lib/libate.dylib
0x000000019f7ac000 	/usr/lib/system/libcache.dylib
0x000000019f76a000 	/usr/lib/system/libcommonCrypto.dylib
0x000000019f793000 	/usr/lib/system/libcompiler_rt.dylib
0x000000019f78a000 	/usr/lib/system/libcopyfile.dylib
0x0000000194ab6000 	/usr/lib/system/libcorecrypto.dylib
0x0000000194b5b000 	/usr/lib/system/libdispatch.dylib
0x0000000194d23000 	/usr/lib/system/libdyld.dylib
0x000000019f7a2000 	/usr/lib/system/libkeymgr.dylib
0x000000019f74c000 	/usr/lib/system/libmacho.dylib
0x000000019ee58000 	/usr/lib/system/libquarantine.dylib
0x000000019f79f000 	/usr/lib/system/libremovefile.dylib
0x0000000199ea5000 	/usr/lib/system/libsystem_asl.dylib
0x0000000194a60000 	/usr/lib/system/libsystem_blocks.dylib
0x0000000194be1000 	/usr/lib/system/libsystem_c.dylib
0x000000019f797000 	/usr/lib/system/libsystem_collections.dylib
0x000000019e2b5000 	/usr/lib/system/libsystem_configuration.dylib
0x000000019d53b000 	/usr/lib/system/libsystem_containermanager.dylib
0x000000019f4b6000 	/usr/lib/system/libsystem_coreservices.dylib
0x0000000197448000 	/usr/lib/system/libsystem_darwin.dylib
0x000000019f7a3000 	/usr/lib/system/libsystem_dnssd.dylib
0x0000000194bde000 	/usr/lib/system/libsystem_featureflags.dylib
0x0000000194d38000 	/usr/lib/system/libsystem_info.dylib
0x000000019f714000 	/usr/lib/system/libsystem_m.dylib
0x0000000194b30000 	/usr/lib/system/libsystem_malloc.dylib
0x0000000199e36000 	/usr/lib/system/libsystem_networkextension.dylib
0x000000019789b000 	/usr/lib/system/libsystem_notify.dylib
0x00000001a597f000 	/usr/lib/system/libsystem_product_info_filter.dylib
0x000000019e2ba000 	/usr/lib/system/libsystem_sandbox.dylib
0x000000019f79c000 	/usr/lib/system/libsystem_secinit.dylib
0x0000000194ce0000 	/usr/lib/system/libsystem_kernel.dylib
0x0000000194d30000 	/usr/lib/system/libsystem_platform.dylib
0x0000000194d16000 	/usr/lib/system/libsystem_pthread.dylib
0x000000019b5db000 	/usr/lib/system/libsystem_symptoms.dylib
0x0000000194a9c000 	/usr/lib/system/libsystem_trace.dylib
0x000000019f777000 	/usr/lib/system/libunwind.dylib
0x0000000194a62000 	/usr/lib/system/libxpc.dylib
0x0000000194cc6000 	/usr/lib/libc++abi.dylib
0x000000019f782000 	/usr/lib/liboah.dylib
0x00000001a0036000 	/usr/lib/liblzma.5.dylib
0x000000019594c000 	/System/Library/Frameworks/SystemConfiguration.framework/Versions/A/SystemConfiguration
0x000000019f7b4000 	/usr/lib/libfakelink.dylib
0x000000019997e000 	/System/Library/Frameworks/CFNetwork.framework/Versions/A/CFNetwork
0x000000019f8fb000 	/usr/lib/libarchive.2.dylib
0x000000019e2c1000 	/System/Library/PrivateFrameworks/AppleSystemInfo.framework/Versions/A/AppleSystemInfo
0x000000019ee82000 	/usr/lib/libbsm.0.dylib
0x0000000198ebb000 	/usr/lib/libnetwork.dylib
0x000000019f752000 	/usr/lib/system/libkxld.dylib
0x000000019ea9a000 	/System/Library/PrivateFrameworks/IOMobileFramebuffer.framework/Versions/A/IOMobileFramebuffer
0x000000021162c000 	/usr/lib/libCoreEntitlements.dylib
0x000000019f498000 	/System/Library/PrivateFrameworks/AppleFSCompression.framework/Versions/A/AppleFSCompression
0x000000019ee6b000 	/usr/lib/libcoretls.dylib
0x00000001a004f000 	/usr/lib/libcoretls_cfhelpers.dylib
0x000000019fa4b000 	/usr/lib/libpam.2.dylib
0x000000019b203000 	/usr/lib/libsqlite3.dylib
0x00000001a00b7000 	/usr/lib/libxar.1.dylib
0x000000019f4a9000 	/usr/lib/libbz2.1.0.dylib
0x000000019f7b9000 	/usr/lib/libpcap.A.dylib
0x000000019b5d2000 	/usr/lib/libdns_services.dylib
0x000000019fa1e000 	/usr/lib/libapple_nghttp2.dylib
0x000000019f7f6000 	/usr/lib/libiconv.2.dylib
0x000000019f74b000 	/usr/lib/libcharset.1.dylib
0x000000019c1ce000 	/System/Library/Frameworks/CoreServices.framework/Versions/A/Frameworks/FSEvents.framework/Versions/A/FSEvents
0x0000000197453000 	/System/Library/Frameworks/CoreServices.framework/Versions/A/Frameworks/CarbonCore.framework/Versions/A/CarbonCore
0x000000019b802000 	/System/Library/Frameworks/CoreServices.framework/Versions/A/Frameworks/Metadata.framework/Versions/A/Metadata
0x000000019f4bc000 	/System/Library/Frameworks/CoreServices.framework/Versions/A/Frameworks/OSServices.framework/Versions/A/OSServices
0x000000019f980000 	/System/Library/Frameworks/CoreServices.framework/Versions/A/Frameworks/SearchKit.framework/Versions/A/SearchKit
0x000000019b560000 	/System/Library/Frameworks/CoreServices.framework/Versions/A/Frameworks/AE.framework/Versions/A/AE
0x00000001952a8000 	/System/Library/Frameworks/CoreServices.framework/Versions/A/Frameworks/LaunchServices.framework/Versions/A/LaunchServices
0x000000019ffdf000 	/System/Library/Frameworks/CoreServices.framework/Versions/A/Frameworks/DictionaryServices.framework/Versions/A/DictionaryServices
0x000000019c1db000 	/System/Library/Frameworks/CoreServices.framework/Versions/A/Frameworks/SharedFileList.framework/Versions/A/SharedFileList
0x000000019ee5b000 	/usr/lib/libCheckFix.dylib
0x0000000199ebd000 	/System/Library/PrivateFrameworks/TCC.framework/Versions/A/TCC
0x000000019e2c7000 	/System/Library/PrivateFrameworks/CoreNLP.framework/Versions/A/CoreNLP
0x000000019b7b2000 	/System/Library/PrivateFrameworks/MetadataUtilities.framework/Versions/A/MetadataUtilities
0x0000000195a05000 	/usr/lib/libmecabra.dylib
0x000000019ee93000 	/usr/lib/libmecab.dylib
0x00000001959d1000 	/usr/lib/libCRFSuite.dylib
0x000000019eef1000 	/usr/lib/libgermantok.dylib
0x000000019f9f7000 	/usr/lib/libThaiTokenizer.dylib
0x000000019b8a7000 	/System/Library/Frameworks/Accelerate.framework/Versions/A/Frameworks/vImage.framework/Versions/A/vImage
0x00000001a5a77000 	/System/Library/Frameworks/Accelerate.framework/Versions/A/Frameworks/vecLib.framework/Versions/A/vecLib
0x00000001a00fb000 	/System/Library/Frameworks/Accelerate.framework/Versions/A/Frameworks/vecLib.framework/Versions/A/libvMisc.dylib
0x000000019e9a4000 	/System/Library/Frameworks/Accelerate.framework/Versions/A/Frameworks/vecLib.framework/Versions/A/libvDSP.dylib
0x000000019562b000 	/System/Library/Frameworks/Accelerate.framework/Versions/A/Frameworks/vecLib.framework/Versions/A/libBLAS.dylib
0x000000019fb1f000 	/System/Library/Frameworks/Accelerate.framework/Versions/A/Frameworks/vecLib.framework/Versions/A/libLAPACK.dylib
0x000000019eef4000 	/System/Library/Frameworks/Accelerate.framework/Versions/A/Frameworks/vecLib.framework/Versions/A/libLinearAlgebra.dylib
0x000000019fa36000 	/System/Library/Frameworks/Accelerate.framework/Versions/A/Frameworks/vecLib.framework/Versions/A/libSparseBLAS.dylib
0x000000019fb1a000 	/System/Library/Frameworks/Accelerate.framework/Versions/A/Frameworks/vecLib.framework/Versions/A/libQuadrature.dylib
0x000000019e3be000 	/System/Library/Frameworks/Accelerate.framework/Versions/A/Frameworks/vecLib.framework/Versions/A/libBNNS.dylib
0x00000001958e9000 	/System/Library/Frameworks/Accelerate.framework/Versions/A/Frameworks/vecLib.framework/Versions/A/libSparse.dylib
0x000000019e3b6000 	/System/Library/PrivateFrameworks/LinguisticData.framework/Versions/A/LinguisticData
0x000000019589f000 	/System/Library/PrivateFrameworks/Lexicon.framework/Versions/A/Lexicon
0x00000001a00f3000 	/usr/lib/libChineseTokenizer.dylib
0x0000000196049000 	/System/Library/PrivateFrameworks/LanguageModeling.framework/Versions/A/LanguageModeling
0x000000019f9f9000 	/System/Library/PrivateFrameworks/AppleSauce.framework/Versions/A/AppleSauce
0x000000019ea87000 	/System/Library/PrivateFrameworks/CoreEmoji.framework/Versions/A/CoreEmoji
0x000000019f8e9000 	/usr/lib/libcmph.dylib
0x000000019c1ae000 	/System/Library/Frameworks/OpenDirectory.framework/Versions/A/Frameworks/CFOpenDirectory.framework/Versions/A/CFOpenDirectory
0x000000019c19e000 	/System/Library/Frameworks/OpenDirectory.framework/Versions/A/OpenDirectory
0x00000001a0051000 	/System/Library/PrivateFrameworks/APFS.framework/Versions/A/APFS
0x000000019edb3000 	/System/Library/Frameworks/SecurityFoundation.framework/Versions/A/SecurityFoundation
0x00000001a00c5000 	/usr/lib/libutil.dylib
0x0000000197788000 	/System/Library/PrivateFrameworks/CoreServicesStore.framework/Versions/A/CoreServicesStore
0x00000001a00c9000 	/usr/lib/libxslt.1.dylib
0x000000019ee47000 	/System/Library/PrivateFrameworks/BackgroundTaskManagement.framework/Versions/A/BackgroundTaskManagement
0x00000001a132e000 	/System/Library/Frameworks/ImageIO.framework/Versions/A/Resources/libRadiance.dylib
0x00000001a1337000 	/System/Library/Frameworks/ImageIO.framework/Versions/A/Resources/libJPEG.dylib
0x00000001a1289000 	/System/Library/Frameworks/ImageIO.framework/Versions/A/Resources/libPng.dylib
0x00000001a12ab000 	/System/Library/Frameworks/ImageIO.framework/Versions/A/Resources/libTIFF.dylib
0x00000001a1392000 	/System/Library/Frameworks/ImageIO.framework/Versions/A/Resources/libGIF.dylib
0x00000001a0cd7000 	/System/Library/Frameworks/ImageIO.framework/Versions/A/Resources/libJP2.dylib
0x00000001a041a000 	/usr/lib/libexpat.1.dylib
0x00000001a0c92000 	/System/Library/PrivateFrameworks/AppleJPEG.framework/Versions/A/AppleJPEG
0x000000019d7eb000 	/System/Library/PrivateFrameworks/FontServices.framework/libFontParser.dylib
0x000000019b505000 	/System/Library/PrivateFrameworks/RunningBoardServices.framework/Versions/A/RunningBoardServices
0x00000001ab9c7000 	/System/Library/PrivateFrameworks/IOSurfaceAccelerator.framework/Versions/A/IOSurfaceAccelerator
0x00000001a0dc3000 	/System/Library/PrivateFrameworks/WatchdogClient.framework/Versions/A/WatchdogClient
0x000000019614d000 	/System/Library/Frameworks/CoreDisplay.framework/Versions/A/CoreDisplay
0x000000019d6da000 	/System/Library/Frameworks/CoreMedia.framework/Versions/A/CoreMedia
0x000000019d56e000 	/System/Library/PrivateFrameworks/IOAccelerator.framework/Versions/A/IOAccelerator
0x000000019c33c000 	/System/Library/Frameworks/CoreVideo.framework/Versions/A/CoreVideo
0x000000019fa49000 	/System/Library/Frameworks/MetalPerformanceShaders.framework/Versions/A/MetalPerformanceShaders
0x00000001a0e00000 	/System/Library/Frameworks/VideoToolbox.framework/Versions/A/VideoToolbox
0x000000019b449000 	/System/Library/PrivateFrameworks/BaseBoard.framework/Versions/A/BaseBoard
0x000000019b1e8000 	/System/Library/PrivateFrameworks/ProtocolBuffer.framework/Versions/A/ProtocolBuffer
0x00000001a1329000 	/System/Library/PrivateFrameworks/GPUWrangler.framework/Versions/A/GPUWrangler
0x00000001a1308000 	/System/Library/PrivateFrameworks/IOPresentment.framework/Versions/A/IOPresentment
0x00000001a1331000 	/System/Library/PrivateFrameworks/DSExternalDisplay.framework/Versions/A/DSExternalDisplay
0x00000001f5cf4000 	/System/Library/Frameworks/OpenGL.framework/Versions/A/Libraries/libCoreFSCache.dylib
0x00000001ff40e000 	/System/Library/PrivateFrameworks/GPUCompiler.framework/Versions/31001/Libraries/libGPUCompilerUtils.dylib
0x00000001a1397000 	/System/Library/PrivateFrameworks/CMCaptureCore.framework/Versions/A/CMCaptureCore
0x00000001a09cd000 	/System/Library/PrivateFrameworks/AppServerSupport.framework/Versions/A/AppServerSupport
0x00000001a2b6c000 	/System/Library/PrivateFrameworks/perfdata.framework/Versions/A/perfdata
0x000000019626d000 	/System/Library/PrivateFrameworks/AudioToolboxCore.framework/Versions/A/AudioToolboxCore
0x000000019d6b2000 	/System/Library/PrivateFrameworks/caulk.framework/Versions/A/caulk
0x00000001a2461000 	/usr/lib/libAudioStatistics.dylib
0x00000001b3c7a000 	/System/Library/PrivateFrameworks/SystemPolicy.framework/Versions/A/SystemPolicy
0x00000001a26c1000 	/usr/lib/libSMC.dylib
0x00000001ab23e000 	/System/Library/Frameworks/CoreMIDI.framework/Versions/A/CoreMIDI
0x00000001a1257000 	/usr/lib/libAudioToolboxUtility.dylib
0x00000001b0120000 	/System/Library/PrivateFrameworks/OSAServicesClient.framework/Versions/A/OSAServicesClient
0x00000001a2b79000 	/usr/lib/libperfcheck.dylib
0x00000001b477d000 	/usr/lib/libmis.dylib
0x00000001f5d55000 	/System/Library/Frameworks/OpenGL.framework/Versions/A/Libraries/libGLU.dylib
0x00000001f5d14000 	/System/Library/Frameworks/OpenGL.framework/Versions/A/Libraries/libGFXShared.dylib
0x00000001f5efe000 	/System/Library/Frameworks/OpenGL.framework/Versions/A/Libraries/libGL.dylib
0x00000001f5d1d000 	/System/Library/Frameworks/OpenGL.framework/Versions/A/Libraries/libGLImage.dylib
0x00000001f5d11000 	/System/Library/Frameworks/OpenGL.framework/Versions/A/Libraries/libCVMSPluginSupport.dylib
0x00000001f5cfb000 	/System/Library/Frameworks/OpenGL.framework/Versions/A/Libraries/libCoreVMClient.dylib
0x000000019e243000 	/System/Library/Frameworks/MetalPerformanceShaders.framework/Versions/A/Frameworks/MPSCore.framework/Versions/A/MPSCore
0x000000019f40b000 	/System/Library/Frameworks/MetalPerformanceShaders.framework/Versions/A/Frameworks/MPSImage.framework/Versions/A/MPSImage
0x000000019ef09000 	/System/Library/Frameworks/MetalPerformanceShaders.framework/Versions/A/Frameworks/MPSNeuralNetwork.framework/Versions/A/MPSNeuralNetwork
0x000000019f346000 	/System/Library/Frameworks/MetalPerformanceShaders.framework/Versions/A/Frameworks/MPSMatrix.framework/Versions/A/MPSMatrix
0x000000019f121000 	/System/Library/Frameworks/MetalPerformanceShaders.framework/Versions/A/Frameworks/MPSRayIntersector.framework/Versions/A/MPSRayIntersector
0x000000019f377000 	/System/Library/Frameworks/MetalPerformanceShaders.framework/Versions/A/Frameworks/MPSNDArray.framework/Versions/A/MPSNDArray
0x00000001f7a10000 	/System/Library/Frameworks/MetalPerformanceShaders.framework/Versions/A/Frameworks/MPSFunctions.framework/Versions/A/MPSFunctions
0x0000000195509000 	/System/Library/PrivateFrameworks/MetalTools.framework/Versions/A/MetalTools
0x000000019e2bf000 	/System/Library/PrivateFrameworks/AggregateDictionary.framework/Versions/A/AggregateDictionary
0x00000001a0200000 	/usr/lib/libIOReport.dylib
0x00000001aa22c000 	/System/Library/PrivateFrameworks/ASEProcessing.framework/Versions/A/ASEProcessing
0x00000001a0572000 	/System/Library/PrivateFrameworks/FaceCore.framework/Versions/A/FaceCore
0x00000001a0564000 	/System/Library/PrivateFrameworks/GraphVisualizer.framework/Versions/A/GraphVisualizer
0x00000001ff325000 	/System/Library/PrivateFrameworks/FontServices.framework/Versions/A/FontServices
0x00000001a0987000 	/System/Library/PrivateFrameworks/OTSVG.framework/Versions/A/OTSVG
0x000000019bf0a000 	/System/Library/Frameworks/ApplicationServices.framework/Versions/A/Frameworks/ATS.framework/Versions/A/Resources/libFontRegistry.dylib
0x00000001a09d6000 	/System/Library/PrivateFrameworks/FontServices.framework/libhvf.dylib
0x00000001ff326000 	/System/Library/PrivateFrameworks/FontServices.framework/libXTFontStaticRegistryData.dylib
0x00000001f60a0000 	/System/Library/Frameworks/OpenCL.framework/Versions/A/OpenCL
0x00000001a03ce000 	/System/Library/PrivateFrameworks/AppleVA.framework/Versions/A/AppleVA
0x00000001a2489000 	/System/Library/Frameworks/ApplicationServices.framework/Versions/A/Frameworks/ATS.framework/Versions/A/ATS
0x000000019a9ae000 	/System/Library/Frameworks/ApplicationServices.framework/Versions/A/Frameworks/HIServices.framework/Versions/A/HIServices
0x00000001a13a1000 	/System/Library/Frameworks/ApplicationServices.framework/Versions/A/Frameworks/PrintCore.framework/Versions/A/PrintCore
0x00000001a2814000 	/System/Library/Frameworks/ApplicationServices.framework/Versions/A/Frameworks/QD.framework/Versions/A/QD
0x00000001a280c000 	/System/Library/Frameworks/ApplicationServices.framework/Versions/A/Frameworks/ColorSyncLegacy.framework/Versions/A/ColorSyncLegacy
0x00000001a2475000 	/System/Library/Frameworks/ApplicationServices.framework/Versions/A/Frameworks/SpeechSynthesis.framework/Versions/A/SpeechSynthesis
0x00000001a1362000 	/System/Library/Frameworks/ApplicationServices.framework/Versions/A/Frameworks/ATSUI.framework/Versions/A/ATSUI
0x00000001a27a1000 	/usr/lib/libcups.2.dylib
0x00000001a2b87000 	/System/Library/Frameworks/Kerberos.framework/Versions/A/Kerberos
0x00000001a2b98000 	/System/Library/Frameworks/GSS.framework/Versions/A/GSS
0x00000001a24f8000 	/usr/lib/libresolv.9.dylib
0x00000001a09e4000 	/System/Library/PrivateFrameworks/Heimdal.framework/Versions/A/Heimdal
0x00000001a94a0000 	/System/Library/Frameworks/Kerberos.framework/Versions/A/Libraries/libHeimdalProxy.dylib
0x000000019b5e4000 	/System/Library/Frameworks/Network.framework/Versions/A/Network
0x00000001a0435000 	/usr/lib/libheimdal-asn1.dylib
0x00000001a2bde000 	/System/Library/PrivateFrameworks/CommonAuth.framework/Versions/A/CommonAuth
0x00000001a23ef000 	/System/Library/PrivateFrameworks/AudioSession.framework/Versions/A/AudioSession
0x00000001a04c6000 	/System/Library/PrivateFrameworks/MediaExperience.framework/Versions/A/MediaExperience
0x00000001a2277000 	/System/Library/PrivateFrameworks/AudioSession.framework/libSessionUtility.dylib
0x00000001a2820000 	/System/Library/PrivateFrameworks/AudioResourceArbitration.framework/Versions/A/AudioResourceArbitration
0x00000001a043e000 	/System/Library/PrivateFrameworks/IconFoundation.framework/Versions/A/IconFoundation
0x00000001a56a5000 	/System/Library/PrivateFrameworks/SpeechRecognitionCore.framework/Versions/A/SpeechRecognitionCore
0x00000001017f8000 	/Users/maximilianrupprecht/Library/Java/JavaVirtualMachines/liberica-11.0.13/lib/server/libjvm.dylib
0x0000000100ca0000 	/Users/maximilianrupprecht/Library/Java/JavaVirtualMachines/liberica-11.0.13/lib/libverify.dylib
0x0000000100cec000 	/Users/maximilianrupprecht/Library/Java/JavaVirtualMachines/liberica-11.0.13/lib/libjava.dylib
0x0000000100cb8000 	/Users/maximilianrupprecht/Library/Java/JavaVirtualMachines/liberica-11.0.13/lib/libjimage.dylib
0x0000000100d20000 	/Users/maximilianrupprecht/Library/Java/JavaVirtualMachines/liberica-11.0.13/lib/libinstrument.dylib
0x0000000100d78000 	/Users/maximilianrupprecht/Library/Java/JavaVirtualMachines/liberica-11.0.13/lib/libzip.dylib
0x0000000101788000 	/Users/maximilianrupprecht/Library/Java/JavaVirtualMachines/liberica-11.0.13/lib/libnio.dylib
0x00000001017cc000 	/Users/maximilianrupprecht/Library/Java/JavaVirtualMachines/liberica-11.0.13/lib/libnet.dylib
0x00000001017a8000 	/Users/maximilianrupprecht/Library/Java/JavaVirtualMachines/liberica-11.0.13/lib/libextnet.dylib
0x0000000126a84000 	/Users/maximilianrupprecht/Library/Java/JavaVirtualMachines/liberica-11.0.13/lib/libprism_es2.dylib
0x000000019774b000 	/System/Library/PrivateFrameworks/CoreServicesInternal.framework/Versions/A/CoreServicesInternal
0x00000001f5f08000 	/System/Library/Frameworks/OpenGL.framework/Versions/A/Resources/GLEngine.bundle/GLEngine
0x00000001f5d8f000 	/System/Library/Frameworks/OpenGL.framework/Versions/A/Libraries/libGLProgrammability.dylib
0x000000013a800000 	/System/Library/Extensions/AppleMetalOpenGLRenderer.bundle/Contents/MacOS/AppleMetalOpenGLRenderer
0x00000001f6077000 	/System/Library/Frameworks/OpenGL.framework/Versions/A/Resources/GLRendererFloat.bundle/GLRendererFloat
0x00000001da053000 	/System/Library/Extensions/AGXMetalG13X.bundle/Contents/MacOS/AGXMetalG13X
0x00000001b4799000 	/System/Library/PrivateFrameworks/GPURawCounter.framework/Versions/A/GPURawCounter
0x00000001af26e000 	/System/Library/PrivateFrameworks/IOGPU.framework/Versions/A/IOGPU
0x000000013a898000 	/Users/maximilianrupprecht/Library/Java/JavaVirtualMachines/liberica-11.0.13/lib/libglass.dylib
0x00000001a6b45000 	/System/Library/Frameworks/FileProvider.framework/Versions/A/FileProvider
0x000000019b3b1000 	/System/Library/Frameworks/Accounts.framework/Versions/A/Accounts
0x00000001a6cc5000 	/System/Library/PrivateFrameworks/GenerationalStorage.framework/Versions/A/GenerationalStorage
0x00000001a7875000 	/System/Library/PrivateFrameworks/CoreSymbolication.framework/Versions/A/CoreSymbolication
0x00000001a68e5000 	/System/Library/PrivateFrameworks/SymptomDiagnosticReporter.framework/Versions/A/SymptomDiagnosticReporter
0x0000000198a30000 	/System/Library/PrivateFrameworks/DesktopServicesPriv.framework/Versions/A/DesktopServicesPriv
0x00000001978aa000 	/usr/lib/libsandbox.1.dylib
0x000000019c3c8000 	/System/Library/PrivateFrameworks/UserManagement.framework/Versions/A/UserManagement
0x00000001a7836000 	/System/Library/PrivateFrameworks/DebugSymbols.framework/Versions/A/DebugSymbols
0x00000001a27ff000 	/System/Library/PrivateFrameworks/NetAuth.framework/Versions/A/NetAuth
0x00000001a36fd000 	/System/Library/PrivateFrameworks/Sharing.framework/Versions/A/Sharing
0x000000019c398000 	/System/Library/PrivateFrameworks/login.framework/Versions/A/Frameworks/loginsupport.framework/Versions/A/loginsupport
0x00000001a89e6000 	/System/Library/PrivateFrameworks/Apple80211.framework/Versions/A/Apple80211
0x000000019f4ef000 	/System/Library/PrivateFrameworks/AuthKit.framework/Versions/A/AuthKit
0x000000019eb86000 	/System/Library/PrivateFrameworks/CoreUtils.framework/Versions/A/CoreUtils
0x000000019eaa6000 	/System/Library/Frameworks/CoreWLAN.framework/Versions/A/CoreWLAN
0x00000001a3866000 	/System/Library/Frameworks/IOBluetooth.framework/Versions/A/IOBluetooth
0x00000001a8a46000 	/System/Library/PrivateFrameworks/CoreWiFi.framework/Versions/A/CoreWiFi
0x00000001a741d000 	/System/Library/PrivateFrameworks/FrontBoardServices.framework/Versions/A/FrontBoardServices
0x00000001a74b5000 	/System/Library/PrivateFrameworks/BoardServices.framework/Versions/A/BoardServices
0x000000019eda1000 	/System/Library/PrivateFrameworks/AssertionServices.framework/Versions/A/AssertionServices
0x00000001a8bb4000 	/System/Library/PrivateFrameworks/BackBoardServices.framework/Versions/A/BackBoardServices
0x00000001a2c71000 	/System/Library/PrivateFrameworks/CorePhoneNumbers.framework/Versions/A/CorePhoneNumbers
0x00000001a6a15000 	/System/Library/PrivateFrameworks/DiskManagement.framework/Versions/A/DiskManagement
0x00000001a6918000 	/System/Library/PrivateFrameworks/AppleIDAuthSupport.framework/Versions/A/AppleIDAuthSupport
0x00000001f9ca9000 	/System/Library/PrivateFrameworks/AAAFoundation.framework/Versions/A/AAAFoundation
0x00000001a2c50000 	/System/Library/PrivateFrameworks/KeychainCircle.framework/Versions/A/KeychainCircle
0x00000001a69e1000 	/System/Library/PrivateFrameworks/MediaKit.framework/Versions/A/MediaKit
0x00000001a6925000 	/System/Library/Frameworks/DiscRecording.framework/Versions/A/DiscRecording
0x00000001a034a000 	/usr/lib/libCoreStorage.dylib
0x00000001a8eae000 	/usr/lib/libcsfde.dylib
0x00000001a393b000 	/System/Library/PrivateFrameworks/ProtectedCloudStorage.framework/Versions/A/ProtectedCloudStorage
0x00000001a8ea6000 	/System/Library/PrivateFrameworks/EFILogin.framework/Versions/A/EFILogin
0x00000001a6cec000 	/System/Library/PrivateFrameworks/OctagonTrust.framework/Versions/A/OctagonTrust
0x00000001fe590000 	/System/Library/PrivateFrameworks/CoreUtilsExtras.framework/Versions/A/CoreUtilsExtras
0x00000001a6857000 	/System/Library/Frameworks/CoreBluetooth.framework/Versions/A/CoreBluetooth
0x00000001a9525000 	/System/Library/Frameworks/AudioUnit.framework/Versions/A/AudioUnit
0x00000001a0342000 	/usr/lib/libMatch.1.dylib
0x00000001b8a00000 	/System/Library/Frameworks/Accelerate.framework/Versions/A/Frameworks/vImage.framework/Versions/A/Libraries/libCGInterfaces.dylib
0x000000013ca64000 	/usr/lib/libobjc-trampolines.dylib
0x000000019c096000 	/System/Library/PrivateFrameworks/ViewBridge.framework/Versions/A/ViewBridge
0x000000013f728000 	/Users/maximilianrupprecht/Library/Java/JavaVirtualMachines/liberica-11.0.13/lib/libjavafx_font.dylib
0x00000001a0a92000 	/System/Library/PrivateFrameworks/login.framework/Versions/A/login
0x00000002117a6000 	/usr/lib/libRosetta.dylib


VM Arguments:
jvm_args: --module-path=/Users/maximilianrupprecht/JavaFX/javafx-sdk-11.0.1/lib --add-modules=javafx.controls,javafx.fxml -javaagent:/Applications/IntelliJ IDEA.app/Contents/lib/idea_rt.jar=64695:/Applications/IntelliJ IDEA.app/Contents/bin -Dfile.encoding=UTF-8 
java_command: main.main.main.ETankApplication
java_class_path (initial): /Users/maximilianrupprecht/IdeaProjects/paf-gruppe-f/client_jfx/target/classes:/Users/maximilianrupprecht/.m2/repository/org/openjfx/javafx-controls/11.0.2/javafx-controls-11.0.2.jar:/Users/maximilianrupprecht/.m2/repository/org/openjfx/javafx-controls/11.0.2/javafx-controls-11.0.2-mac.jar:/Users/maximilianrupprecht/.m2/repository/org/openjfx/javafx-graphics/11.0.2/javafx-graphics-11.0.2.jar:/Users/maximilianrupprecht/.m2/repository/org/openjfx/javafx-graphics/11.0.2/javafx-graphics-11.0.2-mac.jar:/Users/maximilianrupprecht/.m2/repository/org/openjfx/javafx-base/11.0.2/javafx-base-11.0.2.jar:/Users/maximilianrupprecht/.m2/repository/org/openjfx/javafx-base/11.0.2/javafx-base-11.0.2-mac.jar:/Users/maximilianrupprecht/.m2/repository/org/openjfx/javafx-fxml/11.0.2/javafx-fxml-11.0.2.jar:/Users/maximilianrupprecht/.m2/repository/org/openjfx/javafx-fxml/11.0.2/javafx-fxml-11.0.2-mac.jar
Launcher Type: SUN_STANDARD

[Global flags]
     intx CICompilerCount                          = 4                                         {product} {ergonomic}
     uint ConcGCThreads                            = 2                                         {product} {ergonomic}
     uint G1ConcRefinementThreads                  = 9                                         {product} {ergonomic}
   size_t G1HeapRegionSize                         = 1048576                                   {product} {ergonomic}
    uintx GCDrainStackTargetSize                   = 64                                        {product} {ergonomic}
   size_t InitialHeapSize                          = 268435456                                 {product} {ergonomic}
   size_t MarkStackSize                            = 4194304                                   {product} {ergonomic}
   size_t MaxHeapSize                              = 4294967296                                {product} {ergonomic}
   size_t MaxNewSize                               = 2576351232                                {product} {ergonomic}
   size_t MinHeapDeltaBytes                        = 1048576                                   {product} {ergonomic}
    uintx NonNMethodCodeHeapSize                   = 5836492                                {pd product} {ergonomic}
    uintx NonProfiledCodeHeapSize                  = 122910874                              {pd product} {ergonomic}
    uintx ProfiledCodeHeapSize                     = 122910874                              {pd product} {ergonomic}
    uintx ReservedCodeCacheSize                    = 251658240                              {pd product} {ergonomic}
     bool SegmentedCodeCache                       = true                                      {product} {ergonomic}
     bool UseCompressedClassPointers               = true                                 {lp64_product} {ergonomic}
     bool UseCompressedOops                        = true                                 {lp64_product} {ergonomic}
     bool UseG1GC                                  = true                                      {product} {ergonomic}

Logging:
Log output configuration:
 #0: stdout all=warning uptime,level,tags
 #1: stderr all=off uptime,level,tags

Environment Variables:
PATH=/usr/local/bin:/usr/bin:/bin:/usr/sbin:/sbin
SHELL=/bin/zsh
LC_CTYPE=de_DE.UTF-8

Signal Handlers:
SIGSEGV: [libjvm.dylib+0x6c44fc], sa_mask[0]=11111111011111110111111111111111, sa_flags=SA_ONSTACK|SA_RESTART|SA_SIGINFO
SIGBUS: [libjvm.dylib+0x6c44fc], sa_mask[0]=11111111011111110111111111111111, sa_flags=SA_RESTART|SA_SIGINFO
SIGFPE: [libjvm.dylib+0x6c44fc], sa_mask[0]=11111111011111110111111111111111, sa_flags=SA_RESTART|SA_SIGINFO
SIGPIPE: [libjvm.dylib+0x57f900], sa_mask[0]=11111111011111110111111111111111, sa_flags=SA_RESTART|SA_SIGINFO
SIGXFSZ: [libjvm.dylib+0x57f900], sa_mask[0]=11111111011111110111111111111111, sa_flags=SA_RESTART|SA_SIGINFO
SIGILL: [libjvm.dylib+0x6c44fc], sa_mask[0]=11111111011111110111111111111111, sa_flags=SA_RESTART|SA_SIGINFO
SIGUSR2: [libjvm.dylib+0x57ff00], sa_mask[0]=00100000000000000000000000000000, sa_flags=SA_RESTART|SA_SIGINFO
SIGHUP: [libjvm.dylib+0x57e6b4], sa_mask[0]=11111111011111110111111111111111, sa_flags=SA_RESTART|SA_SIGINFO
SIGINT: [libjvm.dylib+0x57e6b4], sa_mask[0]=11111111011111110111111111111111, sa_flags=SA_RESTART|SA_SIGINFO
SIGTERM: [libjvm.dylib+0x57e6b4], sa_mask[0]=11111111011111110111111111111111, sa_flags=SA_RESTART|SA_SIGINFO
SIGQUIT: [libjvm.dylib+0x57e6b4], sa_mask[0]=11111111011111110111111111111111, sa_flags=SA_RESTART|SA_SIGINFO


---------------  S Y S T E M  ---------------

OS:uname:Darwin 21.1.0 Darwin Kernel Version 21.1.0: Wed Oct 13 17:33:01 PDT 2021; root:xnu-8019.41.5~1/RELEASE_ARM64_T6000 arm64
OS uptime: 1 days 11:30 hours
rlimit (soft/hard): STACK 8176k/65520k , CORE 0k/infinity , NPROC 2666/4000 , NOFILE 10240/infinity , AS infinity/infinity , CPU infinity/infinity , DATA infinity/infinity , FSIZE infinity/infinity , MEMLOCK infinity/infinity , RSS infinity/infinity
load average:2.37 2.06 2.06

CPU:total 10 (initial active 10) 0x61:0x0:0x1b588bb3:0, simd, crc, lse

Memory: 16k page, physical 16777216k(151360k free), swap 0k(0k free)

vm_info: OpenJDK 64-Bit Server VM (11.0.13+8-LTS) for bsd-aarch64 JRE (11.0.13+8-LTS), built on Oct 17 2021 12:00:02 by "bellsoft" with clang Apple LLVM 12.0.0 (clang-1200.0.32.28)

END.
